[2020-11-07 22:06:43,899] DEBUG preRegister called. Server=com.sun.jmx.mbeanserver.JmxMBeanServer@66d3c617, name=log4j:logger=kafka.controller (kafka.controller)
[2020-11-07 22:06:54,333] INFO [ControllerEventThread controllerId=0] Starting (kafka.controller.ControllerEventManager$ControllerEventThread)
[2020-11-07 22:06:54,368] INFO [Controller id=0] 0 successfully elected as the controller. Epoch incremented to 12 and epoch zk version is now 12 (kafka.controller.KafkaController)
[2020-11-07 22:06:54,369] INFO [Controller id=0] Registering handlers (kafka.controller.KafkaController)
[2020-11-07 22:06:54,374] INFO [Controller id=0] Deleting log dir event notifications (kafka.controller.KafkaController)
[2020-11-07 22:06:54,379] INFO [Controller id=0] Deleting isr change notifications (kafka.controller.KafkaController)
[2020-11-07 22:06:54,384] INFO [Controller id=0] Initializing controller context (kafka.controller.KafkaController)
[2020-11-07 22:06:54,456] DEBUG [Controller id=0] Register BrokerModifications handler for Set(0) (kafka.controller.KafkaController)
[2020-11-07 22:06:54,486] DEBUG [Channel manager on controller 0]: Controller 0 trying to connect to broker 0 (kafka.controller.ControllerChannelManager)
[2020-11-07 22:06:54,497] INFO [RequestSendThread controllerId=0] Starting (kafka.controller.RequestSendThread)
[2020-11-07 22:06:54,499] INFO [Controller id=0] Partitions being reassigned: Map() (kafka.controller.KafkaController)
[2020-11-07 22:06:54,500] INFO [Controller id=0] Currently active brokers in the cluster: Set(0) (kafka.controller.KafkaController)
[2020-11-07 22:06:54,500] INFO [Controller id=0] Currently shutting brokers in the cluster: Set() (kafka.controller.KafkaController)
[2020-11-07 22:06:54,501] INFO [Controller id=0] Current list of topics in the cluster: Set(insert_Event, allusers, update_Rest, get_AllRestSearch, get_message, get_Profile, getFollowers, insertFollower, get_AllRest, update_Pic, get_AllUsers, apply_Event, login_rest, response_topic, login_cust, post_book, insert_Order, insert_message, get_Dish, alleventssearch, get_RProfile, allusersfilter, get_Event, update_Pers, response_topic2, get_AllEvent, get_AllEventDesc, get_AppliedEvent) (kafka.controller.KafkaController)
[2020-11-07 22:06:54,501] INFO [Controller id=0] Fetching topic deletions in progress (kafka.controller.KafkaController)
[2020-11-07 22:06:54,510] INFO [Controller id=0] List of topics to be deleted:  (kafka.controller.KafkaController)
[2020-11-07 22:06:54,511] INFO [Controller id=0] List of topics ineligible for deletion:  (kafka.controller.KafkaController)
[2020-11-07 22:06:54,512] INFO [Controller id=0] Initializing topic deletion manager (kafka.controller.KafkaController)
[2020-11-07 22:06:54,512] INFO [Controller id=0] Sending update metadata request (kafka.controller.KafkaController)
[2020-11-07 22:06:54,534] INFO [ReplicaStateMachine controllerId=0] Initializing replica state (kafka.controller.ReplicaStateMachine)
[2020-11-07 22:06:54,544] INFO [ReplicaStateMachine controllerId=0] Triggering online replica state changes (kafka.controller.ReplicaStateMachine)
[2020-11-07 22:06:54,551] INFO [RequestSendThread controllerId=0] Controller 0 connected to 10.250.195.12:9092 (id: 0 rack: null) for sending state change requests (kafka.controller.RequestSendThread)
[2020-11-07 22:06:54,588] INFO [ReplicaStateMachine controllerId=0] Started replica state machine with initial state -> Map([Topic=get_Event,Partition=0,Replica=0] -> OnlineReplica, [Topic=get_AllEvent,Partition=0,Replica=0] -> OnlineReplica, [Topic=get_message,Partition=0,Replica=0] -> OnlineReplica, [Topic=login_cust,Partition=0,Replica=0] -> OnlineReplica, [Topic=insert_message,Partition=0,Replica=0] -> OnlineReplica, [Topic=get_RProfile,Partition=0,Replica=0] -> OnlineReplica, [Topic=get_AllEventDesc,Partition=0,Replica=0] -> OnlineReplica, [Topic=getFollowers,Partition=0,Replica=0] -> OnlineReplica, [Topic=response_topic2,Partition=0,Replica=0] -> OnlineReplica, [Topic=login_rest,Partition=0,Replica=0] -> OnlineReplica, [Topic=update_Rest,Partition=0,Replica=0] -> OnlineReplica, [Topic=alleventssearch,Partition=0,Replica=0] -> OnlineReplica, [Topic=get_Profile,Partition=0,Replica=0] -> OnlineReplica, [Topic=update_Pers,Partition=0,Replica=0] -> OnlineReplica, [Topic=insertFollower,Partition=0,Replica=0] -> OnlineReplica, [Topic=get_AllRest,Partition=0,Replica=0] -> OnlineReplica, [Topic=response_topic,Partition=0,Replica=0] -> OnlineReplica, [Topic=update_Pic,Partition=0,Replica=0] -> OnlineReplica, [Topic=allusersfilter,Partition=0,Replica=0] -> OnlineReplica, [Topic=get_AllRestSearch,Partition=0,Replica=0] -> OnlineReplica, [Topic=insert_Order,Partition=0,Replica=0] -> OnlineReplica, [Topic=apply_Event,Partition=0,Replica=0] -> OnlineReplica, [Topic=post_book,Partition=0,Replica=0] -> OnlineReplica, [Topic=get_AllUsers,Partition=0,Replica=0] -> OnlineReplica, [Topic=get_AppliedEvent,Partition=0,Replica=0] -> OnlineReplica, [Topic=insert_Event,Partition=0,Replica=0] -> OnlineReplica, [Topic=get_Dish,Partition=0,Replica=0] -> OnlineReplica, [Topic=allusers,Partition=0,Replica=0] -> OnlineReplica) (kafka.controller.ReplicaStateMachine)
[2020-11-07 22:06:54,589] INFO [PartitionStateMachine controllerId=0] Initializing partition state (kafka.controller.PartitionStateMachine)
[2020-11-07 22:06:54,595] INFO [PartitionStateMachine controllerId=0] Triggering online partition state changes (kafka.controller.PartitionStateMachine)
[2020-11-07 22:06:54,599] INFO [PartitionStateMachine controllerId=0] Started partition state machine with initial state -> Map(getFollowers-0 -> OnlinePartition, insert_message-0 -> OnlinePartition, insert_Event-0 -> OnlinePartition, apply_Event-0 -> OnlinePartition, get_AllUsers-0 -> OnlinePartition, post_book-0 -> OnlinePartition, response_topic2-0 -> OnlinePartition, update_Pers-0 -> OnlinePartition, allusers-0 -> OnlinePartition, alleventssearch-0 -> OnlinePartition, login_rest-0 -> OnlinePartition, get_Event-0 -> OnlinePartition, get_AllRest-0 -> OnlinePartition, get_Dish-0 -> OnlinePartition, get_AppliedEvent-0 -> OnlinePartition, update_Pic-0 -> OnlinePartition, get_RProfile-0 -> OnlinePartition, update_Rest-0 -> OnlinePartition, get_AllRestSearch-0 -> OnlinePartition, login_cust-0 -> OnlinePartition, allusersfilter-0 -> OnlinePartition, get_AllEvent-0 -> OnlinePartition, get_AllEventDesc-0 -> OnlinePartition, insertFollower-0 -> OnlinePartition, get_Profile-0 -> OnlinePartition, response_topic-0 -> OnlinePartition, get_message-0 -> OnlinePartition, insert_Order-0 -> OnlinePartition) (kafka.controller.PartitionStateMachine)
[2020-11-07 22:06:54,599] INFO [Controller id=0] Ready to serve as the new controller with epoch 12 (kafka.controller.KafkaController)
[2020-11-07 22:06:54,601] INFO [Controller id=0] Removing partitions Set() from the list of reassigned partitions in zookeeper (kafka.controller.KafkaController)
[2020-11-07 22:06:54,602] INFO [Controller id=0] No more partitions need to be reassigned. Deleting zk path /admin/reassign_partitions (kafka.controller.KafkaController)
[2020-11-07 22:06:54,623] INFO [Controller id=0] Partitions undergoing preferred replica election:  (kafka.controller.KafkaController)
[2020-11-07 22:06:54,624] INFO [Controller id=0] Partitions that completed preferred replica election:  (kafka.controller.KafkaController)
[2020-11-07 22:06:54,625] INFO [Controller id=0] Skipping preferred replica election for partitions due to topic deletion:  (kafka.controller.KafkaController)
[2020-11-07 22:06:54,625] INFO [Controller id=0] Resuming preferred replica election for partitions:  (kafka.controller.KafkaController)
[2020-11-07 22:06:54,626] INFO [Controller id=0] Starting preferred replica leader election for partitions  (kafka.controller.KafkaController)
[2020-11-07 22:06:54,633] INFO [Controller id=0] Starting the controller scheduler (kafka.controller.KafkaController)
[2020-11-07 22:06:59,646] TRACE [Controller id=0] Checking need to trigger auto leader balancing (kafka.controller.KafkaController)
[2020-11-07 22:06:59,655] DEBUG [Controller id=0] Preferred replicas by broker Map(0 -> Map(get_AllRest-0 -> Vector(0), get_AllUsers-0 -> Vector(0), get_Profile-0 -> Vector(0), getFollowers-0 -> Vector(0), update_Pers-0 -> Vector(0), allusers-0 -> Vector(0), get_AppliedEvent-0 -> Vector(0), insert_Event-0 -> Vector(0), insert_message-0 -> Vector(0), update_Rest-0 -> Vector(0), alleventssearch-0 -> Vector(0), get_AllRestSearch-0 -> Vector(0), get_message-0 -> Vector(0), get_AllEventDesc-0 -> Vector(0), login_cust-0 -> Vector(0), get_RProfile-0 -> Vector(0), response_topic2-0 -> Vector(0), insertFollower-0 -> Vector(0), get_AllEvent-0 -> Vector(0), response_topic-0 -> Vector(0), get_Dish-0 -> Vector(0), update_Pic-0 -> Vector(0), allusersfilter-0 -> Vector(0), post_book-0 -> Vector(0), insert_Order-0 -> Vector(0), login_rest-0 -> Vector(0), get_Event-0 -> Vector(0), apply_Event-0 -> Vector(0))) (kafka.controller.KafkaController)
[2020-11-07 22:06:59,660] DEBUG [Controller id=0] Topics not in preferred replica for broker 0 Map() (kafka.controller.KafkaController)
[2020-11-07 22:06:59,661] TRACE [Controller id=0] Leader imbalance ratio for broker 0 is 0.0 (kafka.controller.KafkaController)
[2020-11-07 22:11:59,674] TRACE [Controller id=0] Checking need to trigger auto leader balancing (kafka.controller.KafkaController)
[2020-11-07 22:11:59,705] DEBUG [Controller id=0] Preferred replicas by broker Map(0 -> Map(get_AllRest-0 -> Vector(0), get_AllUsers-0 -> Vector(0), get_Profile-0 -> Vector(0), getFollowers-0 -> Vector(0), update_Pers-0 -> Vector(0), allusers-0 -> Vector(0), get_AppliedEvent-0 -> Vector(0), insert_Event-0 -> Vector(0), insert_message-0 -> Vector(0), update_Rest-0 -> Vector(0), alleventssearch-0 -> Vector(0), get_AllRestSearch-0 -> Vector(0), get_message-0 -> Vector(0), get_AllEventDesc-0 -> Vector(0), login_cust-0 -> Vector(0), get_RProfile-0 -> Vector(0), response_topic2-0 -> Vector(0), insertFollower-0 -> Vector(0), get_AllEvent-0 -> Vector(0), response_topic-0 -> Vector(0), get_Dish-0 -> Vector(0), update_Pic-0 -> Vector(0), allusersfilter-0 -> Vector(0), post_book-0 -> Vector(0), insert_Order-0 -> Vector(0), login_rest-0 -> Vector(0), get_Event-0 -> Vector(0), apply_Event-0 -> Vector(0))) (kafka.controller.KafkaController)
[2020-11-07 22:11:59,708] DEBUG [Controller id=0] Topics not in preferred replica for broker 0 Map() (kafka.controller.KafkaController)
[2020-11-07 22:11:59,712] TRACE [Controller id=0] Leader imbalance ratio for broker 0 is 0.0 (kafka.controller.KafkaController)
[2020-11-07 22:16:59,731] TRACE [Controller id=0] Checking need to trigger auto leader balancing (kafka.controller.KafkaController)
[2020-11-07 22:16:59,736] DEBUG [Controller id=0] Preferred replicas by broker Map(0 -> Map(get_AllRest-0 -> Vector(0), get_AllUsers-0 -> Vector(0), get_Profile-0 -> Vector(0), getFollowers-0 -> Vector(0), update_Pers-0 -> Vector(0), allusers-0 -> Vector(0), get_AppliedEvent-0 -> Vector(0), insert_Event-0 -> Vector(0), insert_message-0 -> Vector(0), update_Rest-0 -> Vector(0), alleventssearch-0 -> Vector(0), get_AllRestSearch-0 -> Vector(0), get_message-0 -> Vector(0), get_AllEventDesc-0 -> Vector(0), login_cust-0 -> Vector(0), get_RProfile-0 -> Vector(0), response_topic2-0 -> Vector(0), insertFollower-0 -> Vector(0), get_AllEvent-0 -> Vector(0), response_topic-0 -> Vector(0), get_Dish-0 -> Vector(0), update_Pic-0 -> Vector(0), allusersfilter-0 -> Vector(0), post_book-0 -> Vector(0), insert_Order-0 -> Vector(0), login_rest-0 -> Vector(0), get_Event-0 -> Vector(0), apply_Event-0 -> Vector(0))) (kafka.controller.KafkaController)
[2020-11-07 22:16:59,737] DEBUG [Controller id=0] Topics not in preferred replica for broker 0 Map() (kafka.controller.KafkaController)
[2020-11-07 22:16:59,737] TRACE [Controller id=0] Leader imbalance ratio for broker 0 is 0.0 (kafka.controller.KafkaController)
[2020-11-07 22:21:59,789] TRACE [Controller id=0] Checking need to trigger auto leader balancing (kafka.controller.KafkaController)
[2020-11-07 22:21:59,871] DEBUG [Controller id=0] Preferred replicas by broker Map(0 -> Map(get_AllRest-0 -> Vector(0), get_AllUsers-0 -> Vector(0), get_Profile-0 -> Vector(0), getFollowers-0 -> Vector(0), update_Pers-0 -> Vector(0), allusers-0 -> Vector(0), get_AppliedEvent-0 -> Vector(0), insert_Event-0 -> Vector(0), insert_message-0 -> Vector(0), update_Rest-0 -> Vector(0), alleventssearch-0 -> Vector(0), get_AllRestSearch-0 -> Vector(0), get_message-0 -> Vector(0), get_AllEventDesc-0 -> Vector(0), login_cust-0 -> Vector(0), get_RProfile-0 -> Vector(0), response_topic2-0 -> Vector(0), insertFollower-0 -> Vector(0), get_AllEvent-0 -> Vector(0), response_topic-0 -> Vector(0), get_Dish-0 -> Vector(0), update_Pic-0 -> Vector(0), allusersfilter-0 -> Vector(0), post_book-0 -> Vector(0), insert_Order-0 -> Vector(0), login_rest-0 -> Vector(0), get_Event-0 -> Vector(0), apply_Event-0 -> Vector(0))) (kafka.controller.KafkaController)
[2020-11-07 22:21:59,872] DEBUG [Controller id=0] Topics not in preferred replica for broker 0 Map() (kafka.controller.KafkaController)
[2020-11-07 22:21:59,874] TRACE [Controller id=0] Leader imbalance ratio for broker 0 is 0.0 (kafka.controller.KafkaController)
[2020-11-07 22:26:59,886] TRACE [Controller id=0] Checking need to trigger auto leader balancing (kafka.controller.KafkaController)
[2020-11-07 22:26:59,900] DEBUG [Controller id=0] Preferred replicas by broker Map(0 -> Map(get_AllRest-0 -> Vector(0), get_AllUsers-0 -> Vector(0), get_Profile-0 -> Vector(0), getFollowers-0 -> Vector(0), update_Pers-0 -> Vector(0), allusers-0 -> Vector(0), get_AppliedEvent-0 -> Vector(0), insert_Event-0 -> Vector(0), insert_message-0 -> Vector(0), update_Rest-0 -> Vector(0), alleventssearch-0 -> Vector(0), get_AllRestSearch-0 -> Vector(0), get_message-0 -> Vector(0), get_AllEventDesc-0 -> Vector(0), login_cust-0 -> Vector(0), get_RProfile-0 -> Vector(0), response_topic2-0 -> Vector(0), insertFollower-0 -> Vector(0), get_AllEvent-0 -> Vector(0), response_topic-0 -> Vector(0), get_Dish-0 -> Vector(0), update_Pic-0 -> Vector(0), allusersfilter-0 -> Vector(0), post_book-0 -> Vector(0), insert_Order-0 -> Vector(0), login_rest-0 -> Vector(0), get_Event-0 -> Vector(0), apply_Event-0 -> Vector(0))) (kafka.controller.KafkaController)
[2020-11-07 22:26:59,901] DEBUG [Controller id=0] Topics not in preferred replica for broker 0 Map() (kafka.controller.KafkaController)
[2020-11-07 22:26:59,901] TRACE [Controller id=0] Leader imbalance ratio for broker 0 is 0.0 (kafka.controller.KafkaController)
[2020-11-07 22:31:59,926] TRACE [Controller id=0] Checking need to trigger auto leader balancing (kafka.controller.KafkaController)
[2020-11-07 22:31:59,957] DEBUG [Controller id=0] Preferred replicas by broker Map(0 -> Map(get_AllRest-0 -> Vector(0), get_AllUsers-0 -> Vector(0), get_Profile-0 -> Vector(0), getFollowers-0 -> Vector(0), update_Pers-0 -> Vector(0), allusers-0 -> Vector(0), get_AppliedEvent-0 -> Vector(0), insert_Event-0 -> Vector(0), insert_message-0 -> Vector(0), update_Rest-0 -> Vector(0), alleventssearch-0 -> Vector(0), get_AllRestSearch-0 -> Vector(0), get_message-0 -> Vector(0), get_AllEventDesc-0 -> Vector(0), login_cust-0 -> Vector(0), get_RProfile-0 -> Vector(0), response_topic2-0 -> Vector(0), insertFollower-0 -> Vector(0), get_AllEvent-0 -> Vector(0), response_topic-0 -> Vector(0), get_Dish-0 -> Vector(0), update_Pic-0 -> Vector(0), allusersfilter-0 -> Vector(0), post_book-0 -> Vector(0), insert_Order-0 -> Vector(0), login_rest-0 -> Vector(0), get_Event-0 -> Vector(0), apply_Event-0 -> Vector(0))) (kafka.controller.KafkaController)
[2020-11-07 22:31:59,958] DEBUG [Controller id=0] Topics not in preferred replica for broker 0 Map() (kafka.controller.KafkaController)
[2020-11-07 22:31:59,960] TRACE [Controller id=0] Leader imbalance ratio for broker 0 is 0.0 (kafka.controller.KafkaController)
[2020-11-07 22:36:59,978] TRACE [Controller id=0] Checking need to trigger auto leader balancing (kafka.controller.KafkaController)
[2020-11-07 22:36:59,991] DEBUG [Controller id=0] Preferred replicas by broker Map(0 -> Map(get_AllRest-0 -> Vector(0), get_AllUsers-0 -> Vector(0), get_Profile-0 -> Vector(0), getFollowers-0 -> Vector(0), update_Pers-0 -> Vector(0), allusers-0 -> Vector(0), get_AppliedEvent-0 -> Vector(0), insert_Event-0 -> Vector(0), insert_message-0 -> Vector(0), update_Rest-0 -> Vector(0), alleventssearch-0 -> Vector(0), get_AllRestSearch-0 -> Vector(0), get_message-0 -> Vector(0), get_AllEventDesc-0 -> Vector(0), login_cust-0 -> Vector(0), get_RProfile-0 -> Vector(0), response_topic2-0 -> Vector(0), insertFollower-0 -> Vector(0), get_AllEvent-0 -> Vector(0), response_topic-0 -> Vector(0), get_Dish-0 -> Vector(0), update_Pic-0 -> Vector(0), allusersfilter-0 -> Vector(0), post_book-0 -> Vector(0), insert_Order-0 -> Vector(0), login_rest-0 -> Vector(0), get_Event-0 -> Vector(0), apply_Event-0 -> Vector(0))) (kafka.controller.KafkaController)
[2020-11-07 22:36:59,992] DEBUG [Controller id=0] Topics not in preferred replica for broker 0 Map() (kafka.controller.KafkaController)
[2020-11-07 22:36:59,993] TRACE [Controller id=0] Leader imbalance ratio for broker 0 is 0.0 (kafka.controller.KafkaController)
[2020-11-07 22:42:00,015] TRACE [Controller id=0] Checking need to trigger auto leader balancing (kafka.controller.KafkaController)
[2020-11-07 22:42:00,034] DEBUG [Controller id=0] Preferred replicas by broker Map(0 -> Map(get_AllRest-0 -> Vector(0), get_AllUsers-0 -> Vector(0), get_Profile-0 -> Vector(0), getFollowers-0 -> Vector(0), update_Pers-0 -> Vector(0), allusers-0 -> Vector(0), get_AppliedEvent-0 -> Vector(0), insert_Event-0 -> Vector(0), insert_message-0 -> Vector(0), update_Rest-0 -> Vector(0), alleventssearch-0 -> Vector(0), get_AllRestSearch-0 -> Vector(0), get_message-0 -> Vector(0), get_AllEventDesc-0 -> Vector(0), login_cust-0 -> Vector(0), get_RProfile-0 -> Vector(0), response_topic2-0 -> Vector(0), insertFollower-0 -> Vector(0), get_AllEvent-0 -> Vector(0), response_topic-0 -> Vector(0), get_Dish-0 -> Vector(0), update_Pic-0 -> Vector(0), allusersfilter-0 -> Vector(0), post_book-0 -> Vector(0), insert_Order-0 -> Vector(0), login_rest-0 -> Vector(0), get_Event-0 -> Vector(0), apply_Event-0 -> Vector(0))) (kafka.controller.KafkaController)
[2020-11-07 22:42:00,035] DEBUG [Controller id=0] Topics not in preferred replica for broker 0 Map() (kafka.controller.KafkaController)
[2020-11-07 22:42:00,036] TRACE [Controller id=0] Leader imbalance ratio for broker 0 is 0.0 (kafka.controller.KafkaController)
[2020-11-07 22:47:00,059] TRACE [Controller id=0] Checking need to trigger auto leader balancing (kafka.controller.KafkaController)
[2020-11-07 22:47:00,088] DEBUG [Controller id=0] Preferred replicas by broker Map(0 -> Map(get_AllRest-0 -> Vector(0), get_AllUsers-0 -> Vector(0), get_Profile-0 -> Vector(0), getFollowers-0 -> Vector(0), update_Pers-0 -> Vector(0), allusers-0 -> Vector(0), get_AppliedEvent-0 -> Vector(0), insert_Event-0 -> Vector(0), insert_message-0 -> Vector(0), update_Rest-0 -> Vector(0), alleventssearch-0 -> Vector(0), get_AllRestSearch-0 -> Vector(0), get_message-0 -> Vector(0), get_AllEventDesc-0 -> Vector(0), login_cust-0 -> Vector(0), get_RProfile-0 -> Vector(0), response_topic2-0 -> Vector(0), insertFollower-0 -> Vector(0), get_AllEvent-0 -> Vector(0), response_topic-0 -> Vector(0), get_Dish-0 -> Vector(0), update_Pic-0 -> Vector(0), allusersfilter-0 -> Vector(0), post_book-0 -> Vector(0), insert_Order-0 -> Vector(0), login_rest-0 -> Vector(0), get_Event-0 -> Vector(0), apply_Event-0 -> Vector(0))) (kafka.controller.KafkaController)
[2020-11-07 22:47:00,089] DEBUG [Controller id=0] Topics not in preferred replica for broker 0 Map() (kafka.controller.KafkaController)
[2020-11-07 22:47:00,091] TRACE [Controller id=0] Leader imbalance ratio for broker 0 is 0.0 (kafka.controller.KafkaController)
[2020-11-07 22:52:00,093] TRACE [Controller id=0] Checking need to trigger auto leader balancing (kafka.controller.KafkaController)
[2020-11-07 22:52:00,096] DEBUG [Controller id=0] Preferred replicas by broker Map(0 -> Map(get_AllRest-0 -> Vector(0), get_AllUsers-0 -> Vector(0), get_Profile-0 -> Vector(0), getFollowers-0 -> Vector(0), update_Pers-0 -> Vector(0), allusers-0 -> Vector(0), get_AppliedEvent-0 -> Vector(0), insert_Event-0 -> Vector(0), insert_message-0 -> Vector(0), update_Rest-0 -> Vector(0), alleventssearch-0 -> Vector(0), get_AllRestSearch-0 -> Vector(0), get_message-0 -> Vector(0), get_AllEventDesc-0 -> Vector(0), login_cust-0 -> Vector(0), get_RProfile-0 -> Vector(0), response_topic2-0 -> Vector(0), insertFollower-0 -> Vector(0), get_AllEvent-0 -> Vector(0), response_topic-0 -> Vector(0), get_Dish-0 -> Vector(0), update_Pic-0 -> Vector(0), allusersfilter-0 -> Vector(0), post_book-0 -> Vector(0), insert_Order-0 -> Vector(0), login_rest-0 -> Vector(0), get_Event-0 -> Vector(0), apply_Event-0 -> Vector(0))) (kafka.controller.KafkaController)
[2020-11-07 22:52:00,096] DEBUG [Controller id=0] Topics not in preferred replica for broker 0 Map() (kafka.controller.KafkaController)
[2020-11-07 22:52:00,096] TRACE [Controller id=0] Leader imbalance ratio for broker 0 is 0.0 (kafka.controller.KafkaController)
[2020-11-07 22:57:00,127] TRACE [Controller id=0] Checking need to trigger auto leader balancing (kafka.controller.KafkaController)
[2020-11-07 22:57:00,141] DEBUG [Controller id=0] Preferred replicas by broker Map(0 -> Map(get_AllRest-0 -> Vector(0), get_AllUsers-0 -> Vector(0), get_Profile-0 -> Vector(0), getFollowers-0 -> Vector(0), update_Pers-0 -> Vector(0), allusers-0 -> Vector(0), get_AppliedEvent-0 -> Vector(0), insert_Event-0 -> Vector(0), insert_message-0 -> Vector(0), update_Rest-0 -> Vector(0), alleventssearch-0 -> Vector(0), get_AllRestSearch-0 -> Vector(0), get_message-0 -> Vector(0), get_AllEventDesc-0 -> Vector(0), login_cust-0 -> Vector(0), get_RProfile-0 -> Vector(0), response_topic2-0 -> Vector(0), insertFollower-0 -> Vector(0), get_AllEvent-0 -> Vector(0), response_topic-0 -> Vector(0), get_Dish-0 -> Vector(0), update_Pic-0 -> Vector(0), allusersfilter-0 -> Vector(0), post_book-0 -> Vector(0), insert_Order-0 -> Vector(0), login_rest-0 -> Vector(0), get_Event-0 -> Vector(0), apply_Event-0 -> Vector(0))) (kafka.controller.KafkaController)
[2020-11-07 22:57:00,142] DEBUG [Controller id=0] Topics not in preferred replica for broker 0 Map() (kafka.controller.KafkaController)
[2020-11-07 22:57:00,144] TRACE [Controller id=0] Leader imbalance ratio for broker 0 is 0.0 (kafka.controller.KafkaController)
[2020-11-07 23:02:00,177] TRACE [Controller id=0] Checking need to trigger auto leader balancing (kafka.controller.KafkaController)
[2020-11-07 23:02:00,291] DEBUG [Controller id=0] Preferred replicas by broker Map(0 -> Map(get_AllRest-0 -> Vector(0), get_AllUsers-0 -> Vector(0), get_Profile-0 -> Vector(0), getFollowers-0 -> Vector(0), update_Pers-0 -> Vector(0), allusers-0 -> Vector(0), get_AppliedEvent-0 -> Vector(0), insert_Event-0 -> Vector(0), insert_message-0 -> Vector(0), update_Rest-0 -> Vector(0), alleventssearch-0 -> Vector(0), get_AllRestSearch-0 -> Vector(0), get_message-0 -> Vector(0), get_AllEventDesc-0 -> Vector(0), login_cust-0 -> Vector(0), get_RProfile-0 -> Vector(0), response_topic2-0 -> Vector(0), insertFollower-0 -> Vector(0), get_AllEvent-0 -> Vector(0), response_topic-0 -> Vector(0), get_Dish-0 -> Vector(0), update_Pic-0 -> Vector(0), allusersfilter-0 -> Vector(0), post_book-0 -> Vector(0), insert_Order-0 -> Vector(0), login_rest-0 -> Vector(0), get_Event-0 -> Vector(0), apply_Event-0 -> Vector(0))) (kafka.controller.KafkaController)
[2020-11-07 23:02:00,294] DEBUG [Controller id=0] Topics not in preferred replica for broker 0 Map() (kafka.controller.KafkaController)
[2020-11-07 23:02:00,298] TRACE [Controller id=0] Leader imbalance ratio for broker 0 is 0.0 (kafka.controller.KafkaController)
[2020-11-07 23:03:36,830] INFO [Controller id=0] Shutting down broker 0 (kafka.controller.KafkaController)
[2020-11-07 23:03:36,837] DEBUG [Controller id=0] All shutting down brokers: 0 (kafka.controller.KafkaController)
[2020-11-07 23:03:36,840] DEBUG [Controller id=0] Live brokers:  (kafka.controller.KafkaController)
[2020-11-07 23:03:36,873] TRACE [Controller id=0] All leaders = getFollowers-0 -> (Leader:0,ISR:0,LeaderEpoch:0,ControllerEpoch:8),insert_message-0 -> (Leader:0,ISR:0,LeaderEpoch:0,ControllerEpoch:10),insert_Event-0 -> (Leader:0,ISR:0,LeaderEpoch:0,ControllerEpoch:7),apply_Event-0 -> (Leader:0,ISR:0,LeaderEpoch:0,ControllerEpoch:7),get_AllUsers-0 -> (Leader:0,ISR:0,LeaderEpoch:0,ControllerEpoch:8),post_book-0 -> (Leader:0,ISR:0,LeaderEpoch:0,ControllerEpoch:2),response_topic2-0 -> (Leader:0,ISR:0,LeaderEpoch:0,ControllerEpoch:1),update_Pers-0 -> (Leader:0,ISR:0,LeaderEpoch:0,ControllerEpoch:4),allusers-0 -> (Leader:0,ISR:0,LeaderEpoch:0,ControllerEpoch:8),alleventssearch-0 -> (Leader:0,ISR:0,LeaderEpoch:0,ControllerEpoch:7),login_rest-0 -> (Leader:0,ISR:0,LeaderEpoch:0,ControllerEpoch:4),get_Event-0 -> (Leader:0,ISR:0,LeaderEpoch:0,ControllerEpoch:7),get_AllRest-0 -> (Leader:0,ISR:0,LeaderEpoch:0,ControllerEpoch:6),get_Dish-0 -> (Leader:0,ISR:0,LeaderEpoch:0,ControllerEpoch:6),get_AppliedEvent-0 -> (Leader:0,ISR:0,LeaderEpoch:0,ControllerEpoch:7),update_Pic-0 -> (Leader:0,ISR:0,LeaderEpoch:0,ControllerEpoch:4),get_RProfile-0 -> (Leader:0,ISR:0,LeaderEpoch:0,ControllerEpoch:6),update_Rest-0 -> (Leader:0,ISR:0,LeaderEpoch:0,ControllerEpoch:6),get_AllRestSearch-0 -> (Leader:0,ISR:0,LeaderEpoch:0,ControllerEpoch:7),login_cust-0 -> (Leader:0,ISR:0,LeaderEpoch:0,ControllerEpoch:1),allusersfilter-0 -> (Leader:0,ISR:0,LeaderEpoch:0,ControllerEpoch:8),get_AllEvent-0 -> (Leader:0,ISR:0,LeaderEpoch:0,ControllerEpoch:7),get_AllEventDesc-0 -> (Leader:0,ISR:0,LeaderEpoch:0,ControllerEpoch:7),insertFollower-0 -> (Leader:0,ISR:0,LeaderEpoch:0,ControllerEpoch:8),get_Profile-0 -> (Leader:0,ISR:0,LeaderEpoch:0,ControllerEpoch:4),response_topic-0 -> (Leader:0,ISR:0,LeaderEpoch:0,ControllerEpoch:2),get_message-0 -> (Leader:0,ISR:0,LeaderEpoch:0,ControllerEpoch:10),insert_Order-0 -> (Leader:0,ISR:0,LeaderEpoch:0,ControllerEpoch:7) (kafka.controller.KafkaController)
[2020-11-07 23:03:38,504] INFO [ControllerEventThread controllerId=0] Shutting down (kafka.controller.ControllerEventManager$ControllerEventThread)
[2020-11-07 23:03:38,504] INFO [ControllerEventThread controllerId=0] Stopped (kafka.controller.ControllerEventManager$ControllerEventThread)
[2020-11-07 23:03:38,504] INFO [ControllerEventThread controllerId=0] Shutdown completed (kafka.controller.ControllerEventManager$ControllerEventThread)
[2020-11-07 23:03:38,506] DEBUG [Controller id=0] Resigning (kafka.controller.KafkaController)
[2020-11-07 23:03:38,508] DEBUG [Controller id=0] Unregister BrokerModifications handler for Set(0) (kafka.controller.KafkaController)
[2020-11-07 23:03:38,512] INFO [PartitionStateMachine controllerId=0] Stopped partition state machine (kafka.controller.PartitionStateMachine)
[2020-11-07 23:03:38,515] INFO [ReplicaStateMachine controllerId=0] Stopped replica state machine (kafka.controller.ReplicaStateMachine)
[2020-11-07 23:03:38,516] INFO [RequestSendThread controllerId=0] Shutting down (kafka.controller.RequestSendThread)
[2020-11-07 23:03:38,517] INFO [RequestSendThread controllerId=0] Stopped (kafka.controller.RequestSendThread)
[2020-11-07 23:03:38,517] INFO [RequestSendThread controllerId=0] Shutdown completed (kafka.controller.RequestSendThread)
[2020-11-07 23:03:38,521] INFO [Controller id=0] Resigned (kafka.controller.KafkaController)
