[2020-10-29 13:06:46,027] INFO Starting the log cleaner (kafka.log.LogCleaner)
[2020-10-29 13:06:46,143] INFO [kafka-log-cleaner-thread-0]: Starting (kafka.log.LogCleaner)
[2020-10-29 13:18:14,302] INFO Starting the log cleaner (kafka.log.LogCleaner)
[2020-10-29 13:18:14,413] INFO [kafka-log-cleaner-thread-0]: Starting (kafka.log.LogCleaner)
[2020-10-29 13:18:26,326] INFO Shutting down the log cleaner. (kafka.log.LogCleaner)
[2020-10-29 13:18:26,326] INFO [kafka-log-cleaner-thread-0]: Shutting down (kafka.log.LogCleaner)
[2020-10-29 13:18:26,327] INFO [kafka-log-cleaner-thread-0]: Stopped (kafka.log.LogCleaner)
[2020-10-29 13:18:26,327] INFO [kafka-log-cleaner-thread-0]: Shutdown completed (kafka.log.LogCleaner)
[2020-10-29 19:31:27,450] INFO Starting the log cleaner (kafka.log.LogCleaner)
[2020-10-29 19:31:27,563] INFO [kafka-log-cleaner-thread-0]: Starting (kafka.log.LogCleaner)
[2020-10-29 20:51:03,321] INFO Shutting down the log cleaner. (kafka.log.LogCleaner)
[2020-10-29 20:51:03,334] INFO [kafka-log-cleaner-thread-0]: Shutting down (kafka.log.LogCleaner)
[2020-10-29 20:51:03,337] INFO [kafka-log-cleaner-thread-0]: Stopped (kafka.log.LogCleaner)
[2020-10-29 20:51:03,337] INFO [kafka-log-cleaner-thread-0]: Shutdown completed (kafka.log.LogCleaner)
[2020-10-29 20:51:36,531] INFO Starting the log cleaner (kafka.log.LogCleaner)
[2020-10-29 20:51:36,631] INFO [kafka-log-cleaner-thread-0]: Starting (kafka.log.LogCleaner)
[2020-10-30 00:28:20,793] INFO Starting the log cleaner (kafka.log.LogCleaner)
[2020-10-30 00:28:21,003] INFO [kafka-log-cleaner-thread-0]: Starting (kafka.log.LogCleaner)
[2020-10-30 00:39:02,106] INFO Shutting down the log cleaner. (kafka.log.LogCleaner)
[2020-10-30 00:39:02,109] INFO [kafka-log-cleaner-thread-0]: Shutting down (kafka.log.LogCleaner)
[2020-10-30 00:39:02,111] INFO [kafka-log-cleaner-thread-0]: Stopped (kafka.log.LogCleaner)
[2020-10-30 00:39:02,111] INFO [kafka-log-cleaner-thread-0]: Shutdown completed (kafka.log.LogCleaner)
[2020-10-30 00:40:07,813] INFO Starting the log cleaner (kafka.log.LogCleaner)
[2020-10-30 00:40:07,952] INFO [kafka-log-cleaner-thread-0]: Starting (kafka.log.LogCleaner)
[2020-10-30 02:10:32,016] INFO Starting the log cleaner (kafka.log.LogCleaner)
[2020-10-30 02:10:32,144] INFO [kafka-log-cleaner-thread-0]: Starting (kafka.log.LogCleaner)
[2020-10-30 02:53:26,288] INFO Shutting down the log cleaner. (kafka.log.LogCleaner)
[2020-10-30 02:53:26,290] INFO [kafka-log-cleaner-thread-0]: Shutting down (kafka.log.LogCleaner)
[2020-10-30 02:53:26,292] INFO [kafka-log-cleaner-thread-0]: Stopped (kafka.log.LogCleaner)
[2020-10-30 02:53:26,293] INFO [kafka-log-cleaner-thread-0]: Shutdown completed (kafka.log.LogCleaner)
[2020-10-30 22:44:22,230] INFO Starting the log cleaner (kafka.log.LogCleaner)
[2020-10-30 22:44:22,371] INFO [kafka-log-cleaner-thread-0]: Starting (kafka.log.LogCleaner)
[2020-10-30 22:53:47,402] INFO Shutting down the log cleaner. (kafka.log.LogCleaner)
[2020-10-30 22:53:47,402] INFO [kafka-log-cleaner-thread-0]: Shutting down (kafka.log.LogCleaner)
[2020-10-30 22:53:47,403] INFO [kafka-log-cleaner-thread-0]: Stopped (kafka.log.LogCleaner)
[2020-10-30 22:53:47,403] INFO [kafka-log-cleaner-thread-0]: Shutdown completed (kafka.log.LogCleaner)
[2020-10-30 22:58:41,857] INFO Starting the log cleaner (kafka.log.LogCleaner)
[2020-10-30 22:58:41,981] INFO [kafka-log-cleaner-thread-0]: Starting (kafka.log.LogCleaner)
[2020-10-30 23:22:14,415] INFO Shutting down the log cleaner. (kafka.log.LogCleaner)
[2020-10-30 23:22:14,425] INFO [kafka-log-cleaner-thread-0]: Shutting down (kafka.log.LogCleaner)
[2020-10-30 23:22:14,427] INFO [kafka-log-cleaner-thread-0]: Stopped (kafka.log.LogCleaner)
[2020-10-30 23:22:14,427] INFO [kafka-log-cleaner-thread-0]: Shutdown completed (kafka.log.LogCleaner)
[2020-10-31 10:58:14,973] INFO Starting the log cleaner (kafka.log.LogCleaner)
[2020-10-31 10:58:15,163] INFO [kafka-log-cleaner-thread-0]: Starting (kafka.log.LogCleaner)
[2020-10-31 11:04:45,837] INFO Shutting down the log cleaner. (kafka.log.LogCleaner)
[2020-10-31 11:04:45,844] INFO [kafka-log-cleaner-thread-0]: Shutting down (kafka.log.LogCleaner)
[2020-10-31 11:04:45,846] INFO [kafka-log-cleaner-thread-0]: Stopped (kafka.log.LogCleaner)
[2020-10-31 11:04:45,846] INFO [kafka-log-cleaner-thread-0]: Shutdown completed (kafka.log.LogCleaner)
[2020-10-31 14:57:17,770] INFO Starting the log cleaner (kafka.log.LogCleaner)
[2020-10-31 14:57:17,985] INFO [kafka-log-cleaner-thread-0]: Starting (kafka.log.LogCleaner)
[2020-10-31 16:59:13,413] INFO Shutting down the log cleaner. (kafka.log.LogCleaner)
[2020-10-31 16:59:13,418] INFO [kafka-log-cleaner-thread-0]: Shutting down (kafka.log.LogCleaner)
[2020-10-31 16:59:13,421] INFO [kafka-log-cleaner-thread-0]: Stopped (kafka.log.LogCleaner)
[2020-10-31 16:59:13,421] INFO [kafka-log-cleaner-thread-0]: Shutdown completed (kafka.log.LogCleaner)
[2020-11-02 11:49:48,317] INFO Starting the log cleaner (kafka.log.LogCleaner)
[2020-11-02 11:49:48,418] INFO [kafka-log-cleaner-thread-0]: Starting (kafka.log.LogCleaner)
[2020-11-02 14:12:15,759] INFO Shutting down the log cleaner. (kafka.log.LogCleaner)
[2020-11-02 14:12:15,768] INFO [kafka-log-cleaner-thread-0]: Shutting down (kafka.log.LogCleaner)
[2020-11-02 14:12:15,772] INFO [kafka-log-cleaner-thread-0]: Stopped (kafka.log.LogCleaner)
[2020-11-02 14:12:15,772] INFO [kafka-log-cleaner-thread-0]: Shutdown completed (kafka.log.LogCleaner)
[2020-11-04 13:25:46,419] INFO Starting the log cleaner (kafka.log.LogCleaner)
[2020-11-04 13:25:46,540] INFO [kafka-log-cleaner-thread-0]: Starting (kafka.log.LogCleaner)
[2020-11-04 13:45:39,339] INFO Shutting down the log cleaner. (kafka.log.LogCleaner)
[2020-11-04 13:45:39,343] INFO [kafka-log-cleaner-thread-0]: Shutting down (kafka.log.LogCleaner)
[2020-11-04 13:45:39,347] INFO [kafka-log-cleaner-thread-0]: Stopped (kafka.log.LogCleaner)
[2020-11-04 13:45:39,347] INFO [kafka-log-cleaner-thread-0]: Shutdown completed (kafka.log.LogCleaner)
[2020-11-04 13:46:42,657] INFO Starting the log cleaner (kafka.log.LogCleaner)
[2020-11-04 13:46:42,754] INFO [kafka-log-cleaner-thread-0]: Starting (kafka.log.LogCleaner)
[2020-11-04 15:10:20,463] INFO Shutting down the log cleaner. (kafka.log.LogCleaner)
[2020-11-04 15:10:20,473] INFO [kafka-log-cleaner-thread-0]: Shutting down (kafka.log.LogCleaner)
[2020-11-04 15:10:20,476] INFO [kafka-log-cleaner-thread-0]: Stopped (kafka.log.LogCleaner)
[2020-11-04 15:10:20,476] INFO [kafka-log-cleaner-thread-0]: Shutdown completed (kafka.log.LogCleaner)
[2020-11-04 15:11:13,725] INFO Starting the log cleaner (kafka.log.LogCleaner)
[2020-11-04 15:11:13,817] INFO [kafka-log-cleaner-thread-0]: Starting (kafka.log.LogCleaner)
[2020-11-04 17:14:21,758] INFO Shutting down the log cleaner. (kafka.log.LogCleaner)
[2020-11-04 17:14:21,772] INFO [kafka-log-cleaner-thread-0]: Shutting down (kafka.log.LogCleaner)
[2020-11-04 17:14:21,776] INFO [kafka-log-cleaner-thread-0]: Stopped (kafka.log.LogCleaner)
[2020-11-04 17:14:21,776] INFO [kafka-log-cleaner-thread-0]: Shutdown completed (kafka.log.LogCleaner)
[2020-11-04 18:13:32,798] INFO Starting the log cleaner (kafka.log.LogCleaner)
[2020-11-04 18:13:32,904] INFO [kafka-log-cleaner-thread-0]: Starting (kafka.log.LogCleaner)
[2020-11-04 18:48:33,748] INFO Shutting down the log cleaner. (kafka.log.LogCleaner)
[2020-11-04 18:48:33,751] INFO [kafka-log-cleaner-thread-0]: Shutting down (kafka.log.LogCleaner)
[2020-11-04 18:48:33,754] INFO [kafka-log-cleaner-thread-0]: Stopped (kafka.log.LogCleaner)
[2020-11-04 18:48:33,754] INFO [kafka-log-cleaner-thread-0]: Shutdown completed (kafka.log.LogCleaner)
[2020-11-06 14:43:05,757] INFO Starting the log cleaner (kafka.log.LogCleaner)
[2020-11-06 14:43:05,855] INFO [kafka-log-cleaner-thread-0]: Starting (kafka.log.LogCleaner)
[2020-11-06 14:49:31,246] INFO Shutting down the log cleaner. (kafka.log.LogCleaner)
[2020-11-06 14:49:31,248] INFO [kafka-log-cleaner-thread-0]: Shutting down (kafka.log.LogCleaner)
[2020-11-06 14:49:31,252] INFO [kafka-log-cleaner-thread-0]: Stopped (kafka.log.LogCleaner)
[2020-11-06 14:49:31,253] INFO [kafka-log-cleaner-thread-0]: Shutdown completed (kafka.log.LogCleaner)
[2020-11-07 18:50:28,950] INFO Starting the log cleaner (kafka.log.LogCleaner)
[2020-11-07 18:50:29,050] INFO [kafka-log-cleaner-thread-0]: Starting (kafka.log.LogCleaner)
[2020-11-07 19:27:58,719] INFO Shutting down the log cleaner. (kafka.log.LogCleaner)
[2020-11-07 19:27:58,744] INFO [kafka-log-cleaner-thread-0]: Shutting down (kafka.log.LogCleaner)
[2020-11-07 19:27:58,747] INFO [kafka-log-cleaner-thread-0]: Stopped (kafka.log.LogCleaner)
[2020-11-07 19:27:58,747] INFO [kafka-log-cleaner-thread-0]: Shutdown completed (kafka.log.LogCleaner)
[2020-11-07 19:29:24,309] INFO Starting the log cleaner (kafka.log.LogCleaner)
[2020-11-07 19:29:24,406] INFO [kafka-log-cleaner-thread-0]: Starting (kafka.log.LogCleaner)
[2020-11-07 21:37:18,747] INFO Shutting down the log cleaner. (kafka.log.LogCleaner)
[2020-11-07 21:37:18,776] INFO [kafka-log-cleaner-thread-0]: Shutting down (kafka.log.LogCleaner)
[2020-11-07 21:37:18,779] INFO [kafka-log-cleaner-thread-0]: Stopped (kafka.log.LogCleaner)
[2020-11-07 21:37:18,779] INFO [kafka-log-cleaner-thread-0]: Shutdown completed (kafka.log.LogCleaner)
[2020-11-07 22:06:53,790] INFO Starting the log cleaner (kafka.log.LogCleaner)
[2020-11-07 22:06:53,899] INFO [kafka-log-cleaner-thread-0]: Starting (kafka.log.LogCleaner)
[2020-11-07 23:03:37,593] INFO Shutting down the log cleaner. (kafka.log.LogCleaner)
[2020-11-07 23:03:37,604] INFO [kafka-log-cleaner-thread-0]: Shutting down (kafka.log.LogCleaner)
[2020-11-07 23:03:37,609] INFO [kafka-log-cleaner-thread-0]: Stopped (kafka.log.LogCleaner)
[2020-11-07 23:03:37,609] INFO [kafka-log-cleaner-thread-0]: Shutdown completed (kafka.log.LogCleaner)
