[2020-11-07 22:06:43,897] DEBUG preRegister called. Server=com.sun.jmx.mbeanserver.JmxMBeanServer@66d3c617, name=log4j:logger=state.change.logger (state.change.logger)
[2020-11-07 22:06:54,522] TRACE [Controller id=0 epoch=12] Sending UpdateMetadata request PartitionState(controllerEpoch=8, leader=0, leaderEpoch=0, isr=[0], zkVersion=0, replicas=[0], offlineReplicas=[]) to brokers Set(0) for partition getFollowers-0 (state.change.logger)
[2020-11-07 22:06:54,522] TRACE [Controller id=0 epoch=12] Sending UpdateMetadata request PartitionState(controllerEpoch=7, leader=0, leaderEpoch=0, isr=[0], zkVersion=0, replicas=[0], offlineReplicas=[]) to brokers Set(0) for partition insert_Event-0 (state.change.logger)
[2020-11-07 22:06:54,523] TRACE [Controller id=0 epoch=12] Sending UpdateMetadata request PartitionState(controllerEpoch=10, leader=0, leaderEpoch=0, isr=[0], zkVersion=0, replicas=[0], offlineReplicas=[]) to brokers Set(0) for partition insert_message-0 (state.change.logger)
[2020-11-07 22:06:54,523] TRACE [Controller id=0 epoch=12] Sending UpdateMetadata request PartitionState(controllerEpoch=7, leader=0, leaderEpoch=0, isr=[0], zkVersion=0, replicas=[0], offlineReplicas=[]) to brokers Set(0) for partition apply_Event-0 (state.change.logger)
[2020-11-07 22:06:54,523] TRACE [Controller id=0 epoch=12] Sending UpdateMetadata request PartitionState(controllerEpoch=8, leader=0, leaderEpoch=0, isr=[0], zkVersion=0, replicas=[0], offlineReplicas=[]) to brokers Set(0) for partition get_AllUsers-0 (state.change.logger)
[2020-11-07 22:06:54,523] TRACE [Controller id=0 epoch=12] Sending UpdateMetadata request PartitionState(controllerEpoch=2, leader=0, leaderEpoch=0, isr=[0], zkVersion=0, replicas=[0], offlineReplicas=[]) to brokers Set(0) for partition post_book-0 (state.change.logger)
[2020-11-07 22:06:54,523] TRACE [Controller id=0 epoch=12] Sending UpdateMetadata request PartitionState(controllerEpoch=1, leader=0, leaderEpoch=0, isr=[0], zkVersion=0, replicas=[0], offlineReplicas=[]) to brokers Set(0) for partition response_topic2-0 (state.change.logger)
[2020-11-07 22:06:54,523] TRACE [Controller id=0 epoch=12] Sending UpdateMetadata request PartitionState(controllerEpoch=4, leader=0, leaderEpoch=0, isr=[0], zkVersion=0, replicas=[0], offlineReplicas=[]) to brokers Set(0) for partition update_Pers-0 (state.change.logger)
[2020-11-07 22:06:54,523] TRACE [Controller id=0 epoch=12] Sending UpdateMetadata request PartitionState(controllerEpoch=8, leader=0, leaderEpoch=0, isr=[0], zkVersion=0, replicas=[0], offlineReplicas=[]) to brokers Set(0) for partition allusers-0 (state.change.logger)
[2020-11-07 22:06:54,523] TRACE [Controller id=0 epoch=12] Sending UpdateMetadata request PartitionState(controllerEpoch=7, leader=0, leaderEpoch=0, isr=[0], zkVersion=0, replicas=[0], offlineReplicas=[]) to brokers Set(0) for partition alleventssearch-0 (state.change.logger)
[2020-11-07 22:06:54,523] TRACE [Controller id=0 epoch=12] Sending UpdateMetadata request PartitionState(controllerEpoch=4, leader=0, leaderEpoch=0, isr=[0], zkVersion=0, replicas=[0], offlineReplicas=[]) to brokers Set(0) for partition login_rest-0 (state.change.logger)
[2020-11-07 22:06:54,524] TRACE [Controller id=0 epoch=12] Sending UpdateMetadata request PartitionState(controllerEpoch=7, leader=0, leaderEpoch=0, isr=[0], zkVersion=0, replicas=[0], offlineReplicas=[]) to brokers Set(0) for partition get_Event-0 (state.change.logger)
[2020-11-07 22:06:54,524] TRACE [Controller id=0 epoch=12] Sending UpdateMetadata request PartitionState(controllerEpoch=6, leader=0, leaderEpoch=0, isr=[0], zkVersion=0, replicas=[0], offlineReplicas=[]) to brokers Set(0) for partition get_AllRest-0 (state.change.logger)
[2020-11-07 22:06:54,524] TRACE [Controller id=0 epoch=12] Sending UpdateMetadata request PartitionState(controllerEpoch=6, leader=0, leaderEpoch=0, isr=[0], zkVersion=0, replicas=[0], offlineReplicas=[]) to brokers Set(0) for partition get_Dish-0 (state.change.logger)
[2020-11-07 22:06:54,524] TRACE [Controller id=0 epoch=12] Sending UpdateMetadata request PartitionState(controllerEpoch=7, leader=0, leaderEpoch=0, isr=[0], zkVersion=0, replicas=[0], offlineReplicas=[]) to brokers Set(0) for partition get_AppliedEvent-0 (state.change.logger)
[2020-11-07 22:06:54,524] TRACE [Controller id=0 epoch=12] Sending UpdateMetadata request PartitionState(controllerEpoch=4, leader=0, leaderEpoch=0, isr=[0], zkVersion=0, replicas=[0], offlineReplicas=[]) to brokers Set(0) for partition update_Pic-0 (state.change.logger)
[2020-11-07 22:06:54,524] TRACE [Controller id=0 epoch=12] Sending UpdateMetadata request PartitionState(controllerEpoch=6, leader=0, leaderEpoch=0, isr=[0], zkVersion=0, replicas=[0], offlineReplicas=[]) to brokers Set(0) for partition get_RProfile-0 (state.change.logger)
[2020-11-07 22:06:54,524] TRACE [Controller id=0 epoch=12] Sending UpdateMetadata request PartitionState(controllerEpoch=6, leader=0, leaderEpoch=0, isr=[0], zkVersion=0, replicas=[0], offlineReplicas=[]) to brokers Set(0) for partition update_Rest-0 (state.change.logger)
[2020-11-07 22:06:54,524] TRACE [Controller id=0 epoch=12] Sending UpdateMetadata request PartitionState(controllerEpoch=7, leader=0, leaderEpoch=0, isr=[0], zkVersion=0, replicas=[0], offlineReplicas=[]) to brokers Set(0) for partition get_AllRestSearch-0 (state.change.logger)
[2020-11-07 22:06:54,524] TRACE [Controller id=0 epoch=12] Sending UpdateMetadata request PartitionState(controllerEpoch=1, leader=0, leaderEpoch=0, isr=[0], zkVersion=0, replicas=[0], offlineReplicas=[]) to brokers Set(0) for partition login_cust-0 (state.change.logger)
[2020-11-07 22:06:54,524] TRACE [Controller id=0 epoch=12] Sending UpdateMetadata request PartitionState(controllerEpoch=8, leader=0, leaderEpoch=0, isr=[0], zkVersion=0, replicas=[0], offlineReplicas=[]) to brokers Set(0) for partition allusersfilter-0 (state.change.logger)
[2020-11-07 22:06:54,525] TRACE [Controller id=0 epoch=12] Sending UpdateMetadata request PartitionState(controllerEpoch=7, leader=0, leaderEpoch=0, isr=[0], zkVersion=0, replicas=[0], offlineReplicas=[]) to brokers Set(0) for partition get_AllEvent-0 (state.change.logger)
[2020-11-07 22:06:54,525] TRACE [Controller id=0 epoch=12] Sending UpdateMetadata request PartitionState(controllerEpoch=7, leader=0, leaderEpoch=0, isr=[0], zkVersion=0, replicas=[0], offlineReplicas=[]) to brokers Set(0) for partition get_AllEventDesc-0 (state.change.logger)
[2020-11-07 22:06:54,525] TRACE [Controller id=0 epoch=12] Sending UpdateMetadata request PartitionState(controllerEpoch=8, leader=0, leaderEpoch=0, isr=[0], zkVersion=0, replicas=[0], offlineReplicas=[]) to brokers Set(0) for partition insertFollower-0 (state.change.logger)
[2020-11-07 22:06:54,525] TRACE [Controller id=0 epoch=12] Sending UpdateMetadata request PartitionState(controllerEpoch=2, leader=0, leaderEpoch=0, isr=[0], zkVersion=0, replicas=[0], offlineReplicas=[]) to brokers Set(0) for partition response_topic-0 (state.change.logger)
[2020-11-07 22:06:54,525] TRACE [Controller id=0 epoch=12] Sending UpdateMetadata request PartitionState(controllerEpoch=4, leader=0, leaderEpoch=0, isr=[0], zkVersion=0, replicas=[0], offlineReplicas=[]) to brokers Set(0) for partition get_Profile-0 (state.change.logger)
[2020-11-07 22:06:54,525] TRACE [Controller id=0 epoch=12] Sending UpdateMetadata request PartitionState(controllerEpoch=10, leader=0, leaderEpoch=0, isr=[0], zkVersion=0, replicas=[0], offlineReplicas=[]) to brokers Set(0) for partition get_message-0 (state.change.logger)
[2020-11-07 22:06:54,525] TRACE [Controller id=0 epoch=12] Sending UpdateMetadata request PartitionState(controllerEpoch=7, leader=0, leaderEpoch=0, isr=[0], zkVersion=0, replicas=[0], offlineReplicas=[]) to brokers Set(0) for partition insert_Order-0 (state.change.logger)
[2020-11-07 22:06:54,569] TRACE [Controller id=0 epoch=12] Changed state of replica 0 for partition alleventssearch-0 from OnlineReplica to OnlineReplica (state.change.logger)
[2020-11-07 22:06:54,570] TRACE [Controller id=0 epoch=12] Changed state of replica 0 for partition getFollowers-0 from OnlineReplica to OnlineReplica (state.change.logger)
[2020-11-07 22:06:54,570] TRACE [Controller id=0 epoch=12] Changed state of replica 0 for partition get_AppliedEvent-0 from OnlineReplica to OnlineReplica (state.change.logger)
[2020-11-07 22:06:54,570] TRACE [Controller id=0 epoch=12] Changed state of replica 0 for partition update_Rest-0 from OnlineReplica to OnlineReplica (state.change.logger)
[2020-11-07 22:06:54,571] TRACE [Controller id=0 epoch=12] Changed state of replica 0 for partition post_book-0 from OnlineReplica to OnlineReplica (state.change.logger)
[2020-11-07 22:06:54,571] TRACE [Controller id=0 epoch=12] Changed state of replica 0 for partition login_cust-0 from OnlineReplica to OnlineReplica (state.change.logger)
[2020-11-07 22:06:54,571] TRACE [Controller id=0 epoch=12] Changed state of replica 0 for partition insertFollower-0 from OnlineReplica to OnlineReplica (state.change.logger)
[2020-11-07 22:06:54,571] TRACE [Controller id=0 epoch=12] Changed state of replica 0 for partition get_Event-0 from OnlineReplica to OnlineReplica (state.change.logger)
[2020-11-07 22:06:54,572] TRACE [Controller id=0 epoch=12] Changed state of replica 0 for partition get_AllUsers-0 from OnlineReplica to OnlineReplica (state.change.logger)
[2020-11-07 22:06:54,572] TRACE [Controller id=0 epoch=12] Changed state of replica 0 for partition get_Profile-0 from OnlineReplica to OnlineReplica (state.change.logger)
[2020-11-07 22:06:54,572] TRACE [Controller id=0 epoch=12] Changed state of replica 0 for partition update_Pic-0 from OnlineReplica to OnlineReplica (state.change.logger)
[2020-11-07 22:06:54,572] TRACE [Controller id=0 epoch=12] Changed state of replica 0 for partition insert_message-0 from OnlineReplica to OnlineReplica (state.change.logger)
[2020-11-07 22:06:54,573] TRACE [Controller id=0 epoch=12] Changed state of replica 0 for partition get_AllRestSearch-0 from OnlineReplica to OnlineReplica (state.change.logger)
[2020-11-07 22:06:54,573] TRACE [Controller id=0 epoch=12] Changed state of replica 0 for partition response_topic-0 from OnlineReplica to OnlineReplica (state.change.logger)
[2020-11-07 22:06:54,573] TRACE [Controller id=0 epoch=12] Changed state of replica 0 for partition login_rest-0 from OnlineReplica to OnlineReplica (state.change.logger)
[2020-11-07 22:06:54,573] TRACE [Controller id=0 epoch=12] Changed state of replica 0 for partition update_Pers-0 from OnlineReplica to OnlineReplica (state.change.logger)
[2020-11-07 22:06:54,574] TRACE [Controller id=0 epoch=12] Changed state of replica 0 for partition response_topic2-0 from OnlineReplica to OnlineReplica (state.change.logger)
[2020-11-07 22:06:54,574] TRACE [Controller id=0 epoch=12] Changed state of replica 0 for partition get_AllEvent-0 from OnlineReplica to OnlineReplica (state.change.logger)
[2020-11-07 22:06:54,574] TRACE [Controller id=0 epoch=12] Changed state of replica 0 for partition get_Dish-0 from OnlineReplica to OnlineReplica (state.change.logger)
[2020-11-07 22:06:54,574] TRACE [Controller id=0 epoch=12] Changed state of replica 0 for partition allusers-0 from OnlineReplica to OnlineReplica (state.change.logger)
[2020-11-07 22:06:54,575] TRACE [Controller id=0 epoch=12] Changed state of replica 0 for partition allusersfilter-0 from OnlineReplica to OnlineReplica (state.change.logger)
[2020-11-07 22:06:54,575] TRACE [Controller id=0 epoch=12] Changed state of replica 0 for partition apply_Event-0 from OnlineReplica to OnlineReplica (state.change.logger)
[2020-11-07 22:06:54,575] TRACE [Controller id=0 epoch=12] Changed state of replica 0 for partition insert_Order-0 from OnlineReplica to OnlineReplica (state.change.logger)
[2020-11-07 22:06:54,575] TRACE [Controller id=0 epoch=12] Changed state of replica 0 for partition get_AllEventDesc-0 from OnlineReplica to OnlineReplica (state.change.logger)
[2020-11-07 22:06:54,576] TRACE [Controller id=0 epoch=12] Changed state of replica 0 for partition insert_Event-0 from OnlineReplica to OnlineReplica (state.change.logger)
[2020-11-07 22:06:54,576] TRACE [Controller id=0 epoch=12] Changed state of replica 0 for partition get_message-0 from OnlineReplica to OnlineReplica (state.change.logger)
[2020-11-07 22:06:54,576] TRACE [Controller id=0 epoch=12] Changed state of replica 0 for partition get_RProfile-0 from OnlineReplica to OnlineReplica (state.change.logger)
[2020-11-07 22:06:54,576] TRACE [Controller id=0 epoch=12] Changed state of replica 0 for partition get_AllRest-0 from OnlineReplica to OnlineReplica (state.change.logger)
[2020-11-07 22:06:54,579] TRACE [Controller id=0 epoch=12] Sending become-leader LeaderAndIsr request PartitionState(controllerEpoch=8, leader=0, leaderEpoch=0, isr=0, zkVersion=0, replicas=0, isNew=false) to broker 0 for partition getFollowers-0 (state.change.logger)
[2020-11-07 22:06:54,579] TRACE [Controller id=0 epoch=12] Sending become-leader LeaderAndIsr request PartitionState(controllerEpoch=10, leader=0, leaderEpoch=0, isr=0, zkVersion=0, replicas=0, isNew=false) to broker 0 for partition insert_message-0 (state.change.logger)
[2020-11-07 22:06:54,579] TRACE [Controller id=0 epoch=12] Sending become-leader LeaderAndIsr request PartitionState(controllerEpoch=7, leader=0, leaderEpoch=0, isr=0, zkVersion=0, replicas=0, isNew=false) to broker 0 for partition insert_Event-0 (state.change.logger)
[2020-11-07 22:06:54,579] TRACE [Controller id=0 epoch=12] Sending become-leader LeaderAndIsr request PartitionState(controllerEpoch=7, leader=0, leaderEpoch=0, isr=0, zkVersion=0, replicas=0, isNew=false) to broker 0 for partition apply_Event-0 (state.change.logger)
[2020-11-07 22:06:54,579] TRACE [Controller id=0 epoch=12] Sending become-leader LeaderAndIsr request PartitionState(controllerEpoch=8, leader=0, leaderEpoch=0, isr=0, zkVersion=0, replicas=0, isNew=false) to broker 0 for partition get_AllUsers-0 (state.change.logger)
[2020-11-07 22:06:54,579] TRACE [Controller id=0 epoch=12] Sending become-leader LeaderAndIsr request PartitionState(controllerEpoch=2, leader=0, leaderEpoch=0, isr=0, zkVersion=0, replicas=0, isNew=false) to broker 0 for partition post_book-0 (state.change.logger)
[2020-11-07 22:06:54,579] TRACE [Controller id=0 epoch=12] Sending become-leader LeaderAndIsr request PartitionState(controllerEpoch=1, leader=0, leaderEpoch=0, isr=0, zkVersion=0, replicas=0, isNew=false) to broker 0 for partition response_topic2-0 (state.change.logger)
[2020-11-07 22:06:54,580] TRACE [Controller id=0 epoch=12] Sending become-leader LeaderAndIsr request PartitionState(controllerEpoch=4, leader=0, leaderEpoch=0, isr=0, zkVersion=0, replicas=0, isNew=false) to broker 0 for partition update_Pers-0 (state.change.logger)
[2020-11-07 22:06:54,580] TRACE [Controller id=0 epoch=12] Sending become-leader LeaderAndIsr request PartitionState(controllerEpoch=8, leader=0, leaderEpoch=0, isr=0, zkVersion=0, replicas=0, isNew=false) to broker 0 for partition allusers-0 (state.change.logger)
[2020-11-07 22:06:54,580] TRACE [Controller id=0 epoch=12] Sending become-leader LeaderAndIsr request PartitionState(controllerEpoch=7, leader=0, leaderEpoch=0, isr=0, zkVersion=0, replicas=0, isNew=false) to broker 0 for partition alleventssearch-0 (state.change.logger)
[2020-11-07 22:06:54,580] TRACE [Controller id=0 epoch=12] Sending become-leader LeaderAndIsr request PartitionState(controllerEpoch=4, leader=0, leaderEpoch=0, isr=0, zkVersion=0, replicas=0, isNew=false) to broker 0 for partition login_rest-0 (state.change.logger)
[2020-11-07 22:06:54,580] TRACE [Controller id=0 epoch=12] Sending become-leader LeaderAndIsr request PartitionState(controllerEpoch=7, leader=0, leaderEpoch=0, isr=0, zkVersion=0, replicas=0, isNew=false) to broker 0 for partition get_Event-0 (state.change.logger)
[2020-11-07 22:06:54,580] TRACE [Controller id=0 epoch=12] Sending become-leader LeaderAndIsr request PartitionState(controllerEpoch=6, leader=0, leaderEpoch=0, isr=0, zkVersion=0, replicas=0, isNew=false) to broker 0 for partition get_AllRest-0 (state.change.logger)
[2020-11-07 22:06:54,580] TRACE [Controller id=0 epoch=12] Sending become-leader LeaderAndIsr request PartitionState(controllerEpoch=6, leader=0, leaderEpoch=0, isr=0, zkVersion=0, replicas=0, isNew=false) to broker 0 for partition get_Dish-0 (state.change.logger)
[2020-11-07 22:06:54,580] TRACE [Controller id=0 epoch=12] Sending become-leader LeaderAndIsr request PartitionState(controllerEpoch=7, leader=0, leaderEpoch=0, isr=0, zkVersion=0, replicas=0, isNew=false) to broker 0 for partition get_AppliedEvent-0 (state.change.logger)
[2020-11-07 22:06:54,580] TRACE [Controller id=0 epoch=12] Sending become-leader LeaderAndIsr request PartitionState(controllerEpoch=4, leader=0, leaderEpoch=0, isr=0, zkVersion=0, replicas=0, isNew=false) to broker 0 for partition update_Pic-0 (state.change.logger)
[2020-11-07 22:06:54,580] TRACE [Controller id=0 epoch=12] Sending become-leader LeaderAndIsr request PartitionState(controllerEpoch=6, leader=0, leaderEpoch=0, isr=0, zkVersion=0, replicas=0, isNew=false) to broker 0 for partition get_RProfile-0 (state.change.logger)
[2020-11-07 22:06:54,580] TRACE [Controller id=0 epoch=12] Sending become-leader LeaderAndIsr request PartitionState(controllerEpoch=6, leader=0, leaderEpoch=0, isr=0, zkVersion=0, replicas=0, isNew=false) to broker 0 for partition update_Rest-0 (state.change.logger)
[2020-11-07 22:06:54,580] TRACE [Controller id=0 epoch=12] Sending become-leader LeaderAndIsr request PartitionState(controllerEpoch=7, leader=0, leaderEpoch=0, isr=0, zkVersion=0, replicas=0, isNew=false) to broker 0 for partition get_AllRestSearch-0 (state.change.logger)
[2020-11-07 22:06:54,581] TRACE [Controller id=0 epoch=12] Sending become-leader LeaderAndIsr request PartitionState(controllerEpoch=1, leader=0, leaderEpoch=0, isr=0, zkVersion=0, replicas=0, isNew=false) to broker 0 for partition login_cust-0 (state.change.logger)
[2020-11-07 22:06:54,581] TRACE [Controller id=0 epoch=12] Sending become-leader LeaderAndIsr request PartitionState(controllerEpoch=8, leader=0, leaderEpoch=0, isr=0, zkVersion=0, replicas=0, isNew=false) to broker 0 for partition allusersfilter-0 (state.change.logger)
[2020-11-07 22:06:54,581] TRACE [Controller id=0 epoch=12] Sending become-leader LeaderAndIsr request PartitionState(controllerEpoch=7, leader=0, leaderEpoch=0, isr=0, zkVersion=0, replicas=0, isNew=false) to broker 0 for partition get_AllEvent-0 (state.change.logger)
[2020-11-07 22:06:54,581] TRACE [Controller id=0 epoch=12] Sending become-leader LeaderAndIsr request PartitionState(controllerEpoch=7, leader=0, leaderEpoch=0, isr=0, zkVersion=0, replicas=0, isNew=false) to broker 0 for partition get_AllEventDesc-0 (state.change.logger)
[2020-11-07 22:06:54,581] TRACE [Controller id=0 epoch=12] Sending become-leader LeaderAndIsr request PartitionState(controllerEpoch=8, leader=0, leaderEpoch=0, isr=0, zkVersion=0, replicas=0, isNew=false) to broker 0 for partition insertFollower-0 (state.change.logger)
[2020-11-07 22:06:54,581] TRACE [Controller id=0 epoch=12] Sending become-leader LeaderAndIsr request PartitionState(controllerEpoch=4, leader=0, leaderEpoch=0, isr=0, zkVersion=0, replicas=0, isNew=false) to broker 0 for partition get_Profile-0 (state.change.logger)
[2020-11-07 22:06:54,581] TRACE [Controller id=0 epoch=12] Sending become-leader LeaderAndIsr request PartitionState(controllerEpoch=2, leader=0, leaderEpoch=0, isr=0, zkVersion=0, replicas=0, isNew=false) to broker 0 for partition response_topic-0 (state.change.logger)
[2020-11-07 22:06:54,581] TRACE [Controller id=0 epoch=12] Sending become-leader LeaderAndIsr request PartitionState(controllerEpoch=10, leader=0, leaderEpoch=0, isr=0, zkVersion=0, replicas=0, isNew=false) to broker 0 for partition get_message-0 (state.change.logger)
[2020-11-07 22:06:54,581] TRACE [Controller id=0 epoch=12] Sending become-leader LeaderAndIsr request PartitionState(controllerEpoch=7, leader=0, leaderEpoch=0, isr=0, zkVersion=0, replicas=0, isNew=false) to broker 0 for partition insert_Order-0 (state.change.logger)
[2020-11-07 22:06:54,585] TRACE [Controller id=0 epoch=12] Sending UpdateMetadata request PartitionState(controllerEpoch=8, leader=0, leaderEpoch=0, isr=[0], zkVersion=0, replicas=[0], offlineReplicas=[]) to brokers Set(0) for partition getFollowers-0 (state.change.logger)
[2020-11-07 22:06:54,585] TRACE [Controller id=0 epoch=12] Sending UpdateMetadata request PartitionState(controllerEpoch=10, leader=0, leaderEpoch=0, isr=[0], zkVersion=0, replicas=[0], offlineReplicas=[]) to brokers Set(0) for partition insert_message-0 (state.change.logger)
[2020-11-07 22:06:54,585] TRACE [Controller id=0 epoch=12] Sending UpdateMetadata request PartitionState(controllerEpoch=7, leader=0, leaderEpoch=0, isr=[0], zkVersion=0, replicas=[0], offlineReplicas=[]) to brokers Set(0) for partition insert_Event-0 (state.change.logger)
[2020-11-07 22:06:54,585] TRACE [Controller id=0 epoch=12] Sending UpdateMetadata request PartitionState(controllerEpoch=7, leader=0, leaderEpoch=0, isr=[0], zkVersion=0, replicas=[0], offlineReplicas=[]) to brokers Set(0) for partition apply_Event-0 (state.change.logger)
[2020-11-07 22:06:54,585] TRACE [Controller id=0 epoch=12] Sending UpdateMetadata request PartitionState(controllerEpoch=8, leader=0, leaderEpoch=0, isr=[0], zkVersion=0, replicas=[0], offlineReplicas=[]) to brokers Set(0) for partition get_AllUsers-0 (state.change.logger)
[2020-11-07 22:06:54,585] TRACE [Controller id=0 epoch=12] Sending UpdateMetadata request PartitionState(controllerEpoch=2, leader=0, leaderEpoch=0, isr=[0], zkVersion=0, replicas=[0], offlineReplicas=[]) to brokers Set(0) for partition post_book-0 (state.change.logger)
[2020-11-07 22:06:54,585] TRACE [Controller id=0 epoch=12] Sending UpdateMetadata request PartitionState(controllerEpoch=1, leader=0, leaderEpoch=0, isr=[0], zkVersion=0, replicas=[0], offlineReplicas=[]) to brokers Set(0) for partition response_topic2-0 (state.change.logger)
[2020-11-07 22:06:54,585] TRACE [Controller id=0 epoch=12] Sending UpdateMetadata request PartitionState(controllerEpoch=4, leader=0, leaderEpoch=0, isr=[0], zkVersion=0, replicas=[0], offlineReplicas=[]) to brokers Set(0) for partition update_Pers-0 (state.change.logger)
[2020-11-07 22:06:54,585] TRACE [Controller id=0 epoch=12] Sending UpdateMetadata request PartitionState(controllerEpoch=8, leader=0, leaderEpoch=0, isr=[0], zkVersion=0, replicas=[0], offlineReplicas=[]) to brokers Set(0) for partition allusers-0 (state.change.logger)
[2020-11-07 22:06:54,585] TRACE [Controller id=0 epoch=12] Sending UpdateMetadata request PartitionState(controllerEpoch=7, leader=0, leaderEpoch=0, isr=[0], zkVersion=0, replicas=[0], offlineReplicas=[]) to brokers Set(0) for partition alleventssearch-0 (state.change.logger)
[2020-11-07 22:06:54,585] TRACE [Controller id=0 epoch=12] Sending UpdateMetadata request PartitionState(controllerEpoch=4, leader=0, leaderEpoch=0, isr=[0], zkVersion=0, replicas=[0], offlineReplicas=[]) to brokers Set(0) for partition login_rest-0 (state.change.logger)
[2020-11-07 22:06:54,586] TRACE [Controller id=0 epoch=12] Sending UpdateMetadata request PartitionState(controllerEpoch=7, leader=0, leaderEpoch=0, isr=[0], zkVersion=0, replicas=[0], offlineReplicas=[]) to brokers Set(0) for partition get_Event-0 (state.change.logger)
[2020-11-07 22:06:54,586] TRACE [Controller id=0 epoch=12] Sending UpdateMetadata request PartitionState(controllerEpoch=6, leader=0, leaderEpoch=0, isr=[0], zkVersion=0, replicas=[0], offlineReplicas=[]) to brokers Set(0) for partition get_AllRest-0 (state.change.logger)
[2020-11-07 22:06:54,586] TRACE [Controller id=0 epoch=12] Sending UpdateMetadata request PartitionState(controllerEpoch=6, leader=0, leaderEpoch=0, isr=[0], zkVersion=0, replicas=[0], offlineReplicas=[]) to brokers Set(0) for partition get_Dish-0 (state.change.logger)
[2020-11-07 22:06:54,586] TRACE [Controller id=0 epoch=12] Sending UpdateMetadata request PartitionState(controllerEpoch=7, leader=0, leaderEpoch=0, isr=[0], zkVersion=0, replicas=[0], offlineReplicas=[]) to brokers Set(0) for partition get_AppliedEvent-0 (state.change.logger)
[2020-11-07 22:06:54,586] TRACE [Controller id=0 epoch=12] Sending UpdateMetadata request PartitionState(controllerEpoch=4, leader=0, leaderEpoch=0, isr=[0], zkVersion=0, replicas=[0], offlineReplicas=[]) to brokers Set(0) for partition update_Pic-0 (state.change.logger)
[2020-11-07 22:06:54,586] TRACE [Controller id=0 epoch=12] Sending UpdateMetadata request PartitionState(controllerEpoch=6, leader=0, leaderEpoch=0, isr=[0], zkVersion=0, replicas=[0], offlineReplicas=[]) to brokers Set(0) for partition get_RProfile-0 (state.change.logger)
[2020-11-07 22:06:54,586] TRACE [Controller id=0 epoch=12] Sending UpdateMetadata request PartitionState(controllerEpoch=6, leader=0, leaderEpoch=0, isr=[0], zkVersion=0, replicas=[0], offlineReplicas=[]) to brokers Set(0) for partition update_Rest-0 (state.change.logger)
[2020-11-07 22:06:54,586] TRACE [Controller id=0 epoch=12] Sending UpdateMetadata request PartitionState(controllerEpoch=7, leader=0, leaderEpoch=0, isr=[0], zkVersion=0, replicas=[0], offlineReplicas=[]) to brokers Set(0) for partition get_AllRestSearch-0 (state.change.logger)
[2020-11-07 22:06:54,586] TRACE [Controller id=0 epoch=12] Sending UpdateMetadata request PartitionState(controllerEpoch=1, leader=0, leaderEpoch=0, isr=[0], zkVersion=0, replicas=[0], offlineReplicas=[]) to brokers Set(0) for partition login_cust-0 (state.change.logger)
[2020-11-07 22:06:54,586] TRACE [Controller id=0 epoch=12] Sending UpdateMetadata request PartitionState(controllerEpoch=8, leader=0, leaderEpoch=0, isr=[0], zkVersion=0, replicas=[0], offlineReplicas=[]) to brokers Set(0) for partition allusersfilter-0 (state.change.logger)
[2020-11-07 22:06:54,586] TRACE [Controller id=0 epoch=12] Sending UpdateMetadata request PartitionState(controllerEpoch=7, leader=0, leaderEpoch=0, isr=[0], zkVersion=0, replicas=[0], offlineReplicas=[]) to brokers Set(0) for partition get_AllEvent-0 (state.change.logger)
[2020-11-07 22:06:54,586] TRACE [Controller id=0 epoch=12] Sending UpdateMetadata request PartitionState(controllerEpoch=7, leader=0, leaderEpoch=0, isr=[0], zkVersion=0, replicas=[0], offlineReplicas=[]) to brokers Set(0) for partition get_AllEventDesc-0 (state.change.logger)
[2020-11-07 22:06:54,586] TRACE [Controller id=0 epoch=12] Sending UpdateMetadata request PartitionState(controllerEpoch=8, leader=0, leaderEpoch=0, isr=[0], zkVersion=0, replicas=[0], offlineReplicas=[]) to brokers Set(0) for partition insertFollower-0 (state.change.logger)
[2020-11-07 22:06:54,587] TRACE [Controller id=0 epoch=12] Sending UpdateMetadata request PartitionState(controllerEpoch=4, leader=0, leaderEpoch=0, isr=[0], zkVersion=0, replicas=[0], offlineReplicas=[]) to brokers Set(0) for partition get_Profile-0 (state.change.logger)
[2020-11-07 22:06:54,587] TRACE [Controller id=0 epoch=12] Sending UpdateMetadata request PartitionState(controllerEpoch=2, leader=0, leaderEpoch=0, isr=[0], zkVersion=0, replicas=[0], offlineReplicas=[]) to brokers Set(0) for partition response_topic-0 (state.change.logger)
[2020-11-07 22:06:54,587] TRACE [Controller id=0 epoch=12] Sending UpdateMetadata request PartitionState(controllerEpoch=10, leader=0, leaderEpoch=0, isr=[0], zkVersion=0, replicas=[0], offlineReplicas=[]) to brokers Set(0) for partition get_message-0 (state.change.logger)
[2020-11-07 22:06:54,587] TRACE [Controller id=0 epoch=12] Sending UpdateMetadata request PartitionState(controllerEpoch=7, leader=0, leaderEpoch=0, isr=[0], zkVersion=0, replicas=[0], offlineReplicas=[]) to brokers Set(0) for partition insert_Order-0 (state.change.logger)
[2020-11-07 22:06:54,634] TRACE [Broker id=0] Cached leader info PartitionState(controllerEpoch=8, leader=0, leaderEpoch=0, isr=[0], zkVersion=0, replicas=[0], offlineReplicas=[]) for partition allusersfilter-0 in response to UpdateMetadata request sent by controller 0 epoch 12 with correlation id 0 (state.change.logger)
[2020-11-07 22:06:54,634] TRACE [Broker id=0] Cached leader info PartitionState(controllerEpoch=7, leader=0, leaderEpoch=0, isr=[0], zkVersion=0, replicas=[0], offlineReplicas=[]) for partition get_Event-0 in response to UpdateMetadata request sent by controller 0 epoch 12 with correlation id 0 (state.change.logger)
[2020-11-07 22:06:54,634] TRACE [Broker id=0] Cached leader info PartitionState(controllerEpoch=7, leader=0, leaderEpoch=0, isr=[0], zkVersion=0, replicas=[0], offlineReplicas=[]) for partition apply_Event-0 in response to UpdateMetadata request sent by controller 0 epoch 12 with correlation id 0 (state.change.logger)
[2020-11-07 22:06:54,634] TRACE [Broker id=0] Cached leader info PartitionState(controllerEpoch=6, leader=0, leaderEpoch=0, isr=[0], zkVersion=0, replicas=[0], offlineReplicas=[]) for partition get_RProfile-0 in response to UpdateMetadata request sent by controller 0 epoch 12 with correlation id 0 (state.change.logger)
[2020-11-07 22:06:54,634] TRACE [Broker id=0] Cached leader info PartitionState(controllerEpoch=7, leader=0, leaderEpoch=0, isr=[0], zkVersion=0, replicas=[0], offlineReplicas=[]) for partition insert_Order-0 in response to UpdateMetadata request sent by controller 0 epoch 12 with correlation id 0 (state.change.logger)
[2020-11-07 22:06:54,634] TRACE [Broker id=0] Cached leader info PartitionState(controllerEpoch=4, leader=0, leaderEpoch=0, isr=[0], zkVersion=0, replicas=[0], offlineReplicas=[]) for partition update_Pers-0 in response to UpdateMetadata request sent by controller 0 epoch 12 with correlation id 0 (state.change.logger)
[2020-11-07 22:06:54,635] TRACE [Broker id=0] Cached leader info PartitionState(controllerEpoch=8, leader=0, leaderEpoch=0, isr=[0], zkVersion=0, replicas=[0], offlineReplicas=[]) for partition get_AllUsers-0 in response to UpdateMetadata request sent by controller 0 epoch 12 with correlation id 0 (state.change.logger)
[2020-11-07 22:06:54,635] TRACE [Broker id=0] Cached leader info PartitionState(controllerEpoch=4, leader=0, leaderEpoch=0, isr=[0], zkVersion=0, replicas=[0], offlineReplicas=[]) for partition update_Pic-0 in response to UpdateMetadata request sent by controller 0 epoch 12 with correlation id 0 (state.change.logger)
[2020-11-07 22:06:54,635] TRACE [Broker id=0] Cached leader info PartitionState(controllerEpoch=7, leader=0, leaderEpoch=0, isr=[0], zkVersion=0, replicas=[0], offlineReplicas=[]) for partition get_AllEvent-0 in response to UpdateMetadata request sent by controller 0 epoch 12 with correlation id 0 (state.change.logger)
[2020-11-07 22:06:54,635] TRACE [Broker id=0] Cached leader info PartitionState(controllerEpoch=7, leader=0, leaderEpoch=0, isr=[0], zkVersion=0, replicas=[0], offlineReplicas=[]) for partition insert_Event-0 in response to UpdateMetadata request sent by controller 0 epoch 12 with correlation id 0 (state.change.logger)
[2020-11-07 22:06:54,635] TRACE [Broker id=0] Cached leader info PartitionState(controllerEpoch=8, leader=0, leaderEpoch=0, isr=[0], zkVersion=0, replicas=[0], offlineReplicas=[]) for partition insertFollower-0 in response to UpdateMetadata request sent by controller 0 epoch 12 with correlation id 0 (state.change.logger)
[2020-11-07 22:06:54,635] TRACE [Broker id=0] Cached leader info PartitionState(controllerEpoch=6, leader=0, leaderEpoch=0, isr=[0], zkVersion=0, replicas=[0], offlineReplicas=[]) for partition get_AllRest-0 in response to UpdateMetadata request sent by controller 0 epoch 12 with correlation id 0 (state.change.logger)
[2020-11-07 22:06:54,635] TRACE [Broker id=0] Cached leader info PartitionState(controllerEpoch=7, leader=0, leaderEpoch=0, isr=[0], zkVersion=0, replicas=[0], offlineReplicas=[]) for partition get_AppliedEvent-0 in response to UpdateMetadata request sent by controller 0 epoch 12 with correlation id 0 (state.change.logger)
[2020-11-07 22:06:54,635] TRACE [Broker id=0] Cached leader info PartitionState(controllerEpoch=7, leader=0, leaderEpoch=0, isr=[0], zkVersion=0, replicas=[0], offlineReplicas=[]) for partition get_AllRestSearch-0 in response to UpdateMetadata request sent by controller 0 epoch 12 with correlation id 0 (state.change.logger)
[2020-11-07 22:06:54,635] TRACE [Broker id=0] Cached leader info PartitionState(controllerEpoch=10, leader=0, leaderEpoch=0, isr=[0], zkVersion=0, replicas=[0], offlineReplicas=[]) for partition get_message-0 in response to UpdateMetadata request sent by controller 0 epoch 12 with correlation id 0 (state.change.logger)
[2020-11-07 22:06:54,635] TRACE [Broker id=0] Cached leader info PartitionState(controllerEpoch=1, leader=0, leaderEpoch=0, isr=[0], zkVersion=0, replicas=[0], offlineReplicas=[]) for partition login_cust-0 in response to UpdateMetadata request sent by controller 0 epoch 12 with correlation id 0 (state.change.logger)
[2020-11-07 22:06:54,635] TRACE [Broker id=0] Cached leader info PartitionState(controllerEpoch=7, leader=0, leaderEpoch=0, isr=[0], zkVersion=0, replicas=[0], offlineReplicas=[]) for partition get_AllEventDesc-0 in response to UpdateMetadata request sent by controller 0 epoch 12 with correlation id 0 (state.change.logger)
[2020-11-07 22:06:54,635] TRACE [Broker id=0] Cached leader info PartitionState(controllerEpoch=6, leader=0, leaderEpoch=0, isr=[0], zkVersion=0, replicas=[0], offlineReplicas=[]) for partition update_Rest-0 in response to UpdateMetadata request sent by controller 0 epoch 12 with correlation id 0 (state.change.logger)
[2020-11-07 22:06:54,635] TRACE [Broker id=0] Cached leader info PartitionState(controllerEpoch=1, leader=0, leaderEpoch=0, isr=[0], zkVersion=0, replicas=[0], offlineReplicas=[]) for partition response_topic2-0 in response to UpdateMetadata request sent by controller 0 epoch 12 with correlation id 0 (state.change.logger)
[2020-11-07 22:06:54,635] TRACE [Broker id=0] Cached leader info PartitionState(controllerEpoch=8, leader=0, leaderEpoch=0, isr=[0], zkVersion=0, replicas=[0], offlineReplicas=[]) for partition allusers-0 in response to UpdateMetadata request sent by controller 0 epoch 12 with correlation id 0 (state.change.logger)
[2020-11-07 22:06:54,635] TRACE [Broker id=0] Cached leader info PartitionState(controllerEpoch=7, leader=0, leaderEpoch=0, isr=[0], zkVersion=0, replicas=[0], offlineReplicas=[]) for partition alleventssearch-0 in response to UpdateMetadata request sent by controller 0 epoch 12 with correlation id 0 (state.change.logger)
[2020-11-07 22:06:54,635] TRACE [Broker id=0] Cached leader info PartitionState(controllerEpoch=2, leader=0, leaderEpoch=0, isr=[0], zkVersion=0, replicas=[0], offlineReplicas=[]) for partition response_topic-0 in response to UpdateMetadata request sent by controller 0 epoch 12 with correlation id 0 (state.change.logger)
[2020-11-07 22:06:54,635] TRACE [Broker id=0] Cached leader info PartitionState(controllerEpoch=2, leader=0, leaderEpoch=0, isr=[0], zkVersion=0, replicas=[0], offlineReplicas=[]) for partition post_book-0 in response to UpdateMetadata request sent by controller 0 epoch 12 with correlation id 0 (state.change.logger)
[2020-11-07 22:06:54,635] TRACE [Broker id=0] Cached leader info PartitionState(controllerEpoch=8, leader=0, leaderEpoch=0, isr=[0], zkVersion=0, replicas=[0], offlineReplicas=[]) for partition getFollowers-0 in response to UpdateMetadata request sent by controller 0 epoch 12 with correlation id 0 (state.change.logger)
[2020-11-07 22:06:54,635] TRACE [Broker id=0] Cached leader info PartitionState(controllerEpoch=4, leader=0, leaderEpoch=0, isr=[0], zkVersion=0, replicas=[0], offlineReplicas=[]) for partition get_Profile-0 in response to UpdateMetadata request sent by controller 0 epoch 12 with correlation id 0 (state.change.logger)
[2020-11-07 22:06:54,635] TRACE [Broker id=0] Cached leader info PartitionState(controllerEpoch=10, leader=0, leaderEpoch=0, isr=[0], zkVersion=0, replicas=[0], offlineReplicas=[]) for partition insert_message-0 in response to UpdateMetadata request sent by controller 0 epoch 12 with correlation id 0 (state.change.logger)
[2020-11-07 22:06:54,635] TRACE [Broker id=0] Cached leader info PartitionState(controllerEpoch=6, leader=0, leaderEpoch=0, isr=[0], zkVersion=0, replicas=[0], offlineReplicas=[]) for partition get_Dish-0 in response to UpdateMetadata request sent by controller 0 epoch 12 with correlation id 0 (state.change.logger)
[2020-11-07 22:06:54,636] TRACE [Broker id=0] Cached leader info PartitionState(controllerEpoch=4, leader=0, leaderEpoch=0, isr=[0], zkVersion=0, replicas=[0], offlineReplicas=[]) for partition login_rest-0 in response to UpdateMetadata request sent by controller 0 epoch 12 with correlation id 0 (state.change.logger)
[2020-11-07 22:06:54,645] TRACE [Controller id=0 epoch=12] Received response {error_code=0} for request UPDATE_METADATA with correlation id 0 sent to broker 10.250.195.12:9092 (id: 0 rack: null) (state.change.logger)
[2020-11-07 22:06:54,653] TRACE [Broker id=0] Received LeaderAndIsr request PartitionState(controllerEpoch=7, leader=0, leaderEpoch=0, isr=0, zkVersion=0, replicas=0, isNew=false) correlation id 1 from controller 0 epoch 12 for partition apply_Event-0 (state.change.logger)
[2020-11-07 22:06:54,653] TRACE [Broker id=0] Received LeaderAndIsr request PartitionState(controllerEpoch=7, leader=0, leaderEpoch=0, isr=0, zkVersion=0, replicas=0, isNew=false) correlation id 1 from controller 0 epoch 12 for partition get_Event-0 (state.change.logger)
[2020-11-07 22:06:54,653] TRACE [Broker id=0] Received LeaderAndIsr request PartitionState(controllerEpoch=8, leader=0, leaderEpoch=0, isr=0, zkVersion=0, replicas=0, isNew=false) correlation id 1 from controller 0 epoch 12 for partition allusersfilter-0 (state.change.logger)
[2020-11-07 22:06:54,653] TRACE [Broker id=0] Received LeaderAndIsr request PartitionState(controllerEpoch=6, leader=0, leaderEpoch=0, isr=0, zkVersion=0, replicas=0, isNew=false) correlation id 1 from controller 0 epoch 12 for partition get_RProfile-0 (state.change.logger)
[2020-11-07 22:06:54,653] TRACE [Broker id=0] Received LeaderAndIsr request PartitionState(controllerEpoch=7, leader=0, leaderEpoch=0, isr=0, zkVersion=0, replicas=0, isNew=false) correlation id 1 from controller 0 epoch 12 for partition insert_Order-0 (state.change.logger)
[2020-11-07 22:06:54,653] TRACE [Broker id=0] Received LeaderAndIsr request PartitionState(controllerEpoch=4, leader=0, leaderEpoch=0, isr=0, zkVersion=0, replicas=0, isNew=false) correlation id 1 from controller 0 epoch 12 for partition update_Pers-0 (state.change.logger)
[2020-11-07 22:06:54,653] TRACE [Broker id=0] Received LeaderAndIsr request PartitionState(controllerEpoch=8, leader=0, leaderEpoch=0, isr=0, zkVersion=0, replicas=0, isNew=false) correlation id 1 from controller 0 epoch 12 for partition get_AllUsers-0 (state.change.logger)
[2020-11-07 22:06:54,653] TRACE [Broker id=0] Received LeaderAndIsr request PartitionState(controllerEpoch=4, leader=0, leaderEpoch=0, isr=0, zkVersion=0, replicas=0, isNew=false) correlation id 1 from controller 0 epoch 12 for partition update_Pic-0 (state.change.logger)
[2020-11-07 22:06:54,653] TRACE [Broker id=0] Received LeaderAndIsr request PartitionState(controllerEpoch=7, leader=0, leaderEpoch=0, isr=0, zkVersion=0, replicas=0, isNew=false) correlation id 1 from controller 0 epoch 12 for partition get_AllEvent-0 (state.change.logger)
[2020-11-07 22:06:54,653] TRACE [Broker id=0] Received LeaderAndIsr request PartitionState(controllerEpoch=7, leader=0, leaderEpoch=0, isr=0, zkVersion=0, replicas=0, isNew=false) correlation id 1 from controller 0 epoch 12 for partition insert_Event-0 (state.change.logger)
[2020-11-07 22:06:54,653] TRACE [Broker id=0] Received LeaderAndIsr request PartitionState(controllerEpoch=8, leader=0, leaderEpoch=0, isr=0, zkVersion=0, replicas=0, isNew=false) correlation id 1 from controller 0 epoch 12 for partition insertFollower-0 (state.change.logger)
[2020-11-07 22:06:54,653] TRACE [Broker id=0] Received LeaderAndIsr request PartitionState(controllerEpoch=6, leader=0, leaderEpoch=0, isr=0, zkVersion=0, replicas=0, isNew=false) correlation id 1 from controller 0 epoch 12 for partition get_AllRest-0 (state.change.logger)
[2020-11-07 22:06:54,653] TRACE [Broker id=0] Received LeaderAndIsr request PartitionState(controllerEpoch=7, leader=0, leaderEpoch=0, isr=0, zkVersion=0, replicas=0, isNew=false) correlation id 1 from controller 0 epoch 12 for partition get_AppliedEvent-0 (state.change.logger)
[2020-11-07 22:06:54,653] TRACE [Broker id=0] Received LeaderAndIsr request PartitionState(controllerEpoch=7, leader=0, leaderEpoch=0, isr=0, zkVersion=0, replicas=0, isNew=false) correlation id 1 from controller 0 epoch 12 for partition get_AllRestSearch-0 (state.change.logger)
[2020-11-07 22:06:54,653] TRACE [Broker id=0] Received LeaderAndIsr request PartitionState(controllerEpoch=10, leader=0, leaderEpoch=0, isr=0, zkVersion=0, replicas=0, isNew=false) correlation id 1 from controller 0 epoch 12 for partition get_message-0 (state.change.logger)
[2020-11-07 22:06:54,653] TRACE [Broker id=0] Received LeaderAndIsr request PartitionState(controllerEpoch=1, leader=0, leaderEpoch=0, isr=0, zkVersion=0, replicas=0, isNew=false) correlation id 1 from controller 0 epoch 12 for partition login_cust-0 (state.change.logger)
[2020-11-07 22:06:54,653] TRACE [Broker id=0] Received LeaderAndIsr request PartitionState(controllerEpoch=7, leader=0, leaderEpoch=0, isr=0, zkVersion=0, replicas=0, isNew=false) correlation id 1 from controller 0 epoch 12 for partition get_AllEventDesc-0 (state.change.logger)
[2020-11-07 22:06:54,653] TRACE [Broker id=0] Received LeaderAndIsr request PartitionState(controllerEpoch=6, leader=0, leaderEpoch=0, isr=0, zkVersion=0, replicas=0, isNew=false) correlation id 1 from controller 0 epoch 12 for partition update_Rest-0 (state.change.logger)
[2020-11-07 22:06:54,654] TRACE [Broker id=0] Received LeaderAndIsr request PartitionState(controllerEpoch=1, leader=0, leaderEpoch=0, isr=0, zkVersion=0, replicas=0, isNew=false) correlation id 1 from controller 0 epoch 12 for partition response_topic2-0 (state.change.logger)
[2020-11-07 22:06:54,654] TRACE [Broker id=0] Received LeaderAndIsr request PartitionState(controllerEpoch=8, leader=0, leaderEpoch=0, isr=0, zkVersion=0, replicas=0, isNew=false) correlation id 1 from controller 0 epoch 12 for partition allusers-0 (state.change.logger)
[2020-11-07 22:06:54,654] TRACE [Broker id=0] Received LeaderAndIsr request PartitionState(controllerEpoch=7, leader=0, leaderEpoch=0, isr=0, zkVersion=0, replicas=0, isNew=false) correlation id 1 from controller 0 epoch 12 for partition alleventssearch-0 (state.change.logger)
[2020-11-07 22:06:54,654] TRACE [Broker id=0] Received LeaderAndIsr request PartitionState(controllerEpoch=2, leader=0, leaderEpoch=0, isr=0, zkVersion=0, replicas=0, isNew=false) correlation id 1 from controller 0 epoch 12 for partition response_topic-0 (state.change.logger)
[2020-11-07 22:06:54,654] TRACE [Broker id=0] Received LeaderAndIsr request PartitionState(controllerEpoch=2, leader=0, leaderEpoch=0, isr=0, zkVersion=0, replicas=0, isNew=false) correlation id 1 from controller 0 epoch 12 for partition post_book-0 (state.change.logger)
[2020-11-07 22:06:54,654] TRACE [Broker id=0] Received LeaderAndIsr request PartitionState(controllerEpoch=8, leader=0, leaderEpoch=0, isr=0, zkVersion=0, replicas=0, isNew=false) correlation id 1 from controller 0 epoch 12 for partition getFollowers-0 (state.change.logger)
[2020-11-07 22:06:54,654] TRACE [Broker id=0] Received LeaderAndIsr request PartitionState(controllerEpoch=4, leader=0, leaderEpoch=0, isr=0, zkVersion=0, replicas=0, isNew=false) correlation id 1 from controller 0 epoch 12 for partition get_Profile-0 (state.change.logger)
[2020-11-07 22:06:54,654] TRACE [Broker id=0] Received LeaderAndIsr request PartitionState(controllerEpoch=10, leader=0, leaderEpoch=0, isr=0, zkVersion=0, replicas=0, isNew=false) correlation id 1 from controller 0 epoch 12 for partition insert_message-0 (state.change.logger)
[2020-11-07 22:06:54,654] TRACE [Broker id=0] Received LeaderAndIsr request PartitionState(controllerEpoch=4, leader=0, leaderEpoch=0, isr=0, zkVersion=0, replicas=0, isNew=false) correlation id 1 from controller 0 epoch 12 for partition login_rest-0 (state.change.logger)
[2020-11-07 22:06:54,654] TRACE [Broker id=0] Received LeaderAndIsr request PartitionState(controllerEpoch=6, leader=0, leaderEpoch=0, isr=0, zkVersion=0, replicas=0, isNew=false) correlation id 1 from controller 0 epoch 12 for partition get_Dish-0 (state.change.logger)
[2020-11-07 22:06:54,675] TRACE [Broker id=0] Handling LeaderAndIsr request correlationId 1 from controller 0 epoch 12 starting the become-leader transition for partition insert_Order-0 (state.change.logger)
[2020-11-07 22:06:54,675] TRACE [Broker id=0] Handling LeaderAndIsr request correlationId 1 from controller 0 epoch 12 starting the become-leader transition for partition response_topic2-0 (state.change.logger)
[2020-11-07 22:06:54,675] TRACE [Broker id=0] Handling LeaderAndIsr request correlationId 1 from controller 0 epoch 12 starting the become-leader transition for partition getFollowers-0 (state.change.logger)
[2020-11-07 22:06:54,675] TRACE [Broker id=0] Handling LeaderAndIsr request correlationId 1 from controller 0 epoch 12 starting the become-leader transition for partition insert_message-0 (state.change.logger)
[2020-11-07 22:06:54,675] TRACE [Broker id=0] Handling LeaderAndIsr request correlationId 1 from controller 0 epoch 12 starting the become-leader transition for partition apply_Event-0 (state.change.logger)
[2020-11-07 22:06:54,675] TRACE [Broker id=0] Handling LeaderAndIsr request correlationId 1 from controller 0 epoch 12 starting the become-leader transition for partition get_AllUsers-0 (state.change.logger)
[2020-11-07 22:06:54,675] TRACE [Broker id=0] Handling LeaderAndIsr request correlationId 1 from controller 0 epoch 12 starting the become-leader transition for partition post_book-0 (state.change.logger)
[2020-11-07 22:06:54,675] TRACE [Broker id=0] Handling LeaderAndIsr request correlationId 1 from controller 0 epoch 12 starting the become-leader transition for partition alleventssearch-0 (state.change.logger)
[2020-11-07 22:06:54,675] TRACE [Broker id=0] Handling LeaderAndIsr request correlationId 1 from controller 0 epoch 12 starting the become-leader transition for partition allusers-0 (state.change.logger)
[2020-11-07 22:06:54,676] TRACE [Broker id=0] Handling LeaderAndIsr request correlationId 1 from controller 0 epoch 12 starting the become-leader transition for partition update_Pers-0 (state.change.logger)
[2020-11-07 22:06:54,676] TRACE [Broker id=0] Handling LeaderAndIsr request correlationId 1 from controller 0 epoch 12 starting the become-leader transition for partition login_rest-0 (state.change.logger)
[2020-11-07 22:06:54,676] TRACE [Broker id=0] Handling LeaderAndIsr request correlationId 1 from controller 0 epoch 12 starting the become-leader transition for partition get_AllRest-0 (state.change.logger)
[2020-11-07 22:06:54,676] TRACE [Broker id=0] Handling LeaderAndIsr request correlationId 1 from controller 0 epoch 12 starting the become-leader transition for partition get_Dish-0 (state.change.logger)
[2020-11-07 22:06:54,676] TRACE [Broker id=0] Handling LeaderAndIsr request correlationId 1 from controller 0 epoch 12 starting the become-leader transition for partition get_Event-0 (state.change.logger)
[2020-11-07 22:06:54,676] TRACE [Broker id=0] Handling LeaderAndIsr request correlationId 1 from controller 0 epoch 12 starting the become-leader transition for partition update_Pic-0 (state.change.logger)
[2020-11-07 22:06:54,676] TRACE [Broker id=0] Handling LeaderAndIsr request correlationId 1 from controller 0 epoch 12 starting the become-leader transition for partition get_AppliedEvent-0 (state.change.logger)
[2020-11-07 22:06:54,676] TRACE [Broker id=0] Handling LeaderAndIsr request correlationId 1 from controller 0 epoch 12 starting the become-leader transition for partition get_AllEvent-0 (state.change.logger)
[2020-11-07 22:06:54,676] TRACE [Broker id=0] Handling LeaderAndIsr request correlationId 1 from controller 0 epoch 12 starting the become-leader transition for partition get_RProfile-0 (state.change.logger)
[2020-11-07 22:06:54,676] TRACE [Broker id=0] Handling LeaderAndIsr request correlationId 1 from controller 0 epoch 12 starting the become-leader transition for partition get_AllRestSearch-0 (state.change.logger)
[2020-11-07 22:06:54,676] TRACE [Broker id=0] Handling LeaderAndIsr request correlationId 1 from controller 0 epoch 12 starting the become-leader transition for partition login_cust-0 (state.change.logger)
[2020-11-07 22:06:54,676] TRACE [Broker id=0] Handling LeaderAndIsr request correlationId 1 from controller 0 epoch 12 starting the become-leader transition for partition update_Rest-0 (state.change.logger)
[2020-11-07 22:06:54,676] TRACE [Broker id=0] Handling LeaderAndIsr request correlationId 1 from controller 0 epoch 12 starting the become-leader transition for partition allusersfilter-0 (state.change.logger)
[2020-11-07 22:06:54,676] TRACE [Broker id=0] Handling LeaderAndIsr request correlationId 1 from controller 0 epoch 12 starting the become-leader transition for partition response_topic-0 (state.change.logger)
[2020-11-07 22:06:54,676] TRACE [Broker id=0] Handling LeaderAndIsr request correlationId 1 from controller 0 epoch 12 starting the become-leader transition for partition get_message-0 (state.change.logger)
[2020-11-07 22:06:54,676] TRACE [Broker id=0] Handling LeaderAndIsr request correlationId 1 from controller 0 epoch 12 starting the become-leader transition for partition get_AllEventDesc-0 (state.change.logger)
[2020-11-07 22:06:54,676] TRACE [Broker id=0] Handling LeaderAndIsr request correlationId 1 from controller 0 epoch 12 starting the become-leader transition for partition insertFollower-0 (state.change.logger)
[2020-11-07 22:06:54,676] TRACE [Broker id=0] Handling LeaderAndIsr request correlationId 1 from controller 0 epoch 12 starting the become-leader transition for partition insert_Event-0 (state.change.logger)
[2020-11-07 22:06:54,676] TRACE [Broker id=0] Handling LeaderAndIsr request correlationId 1 from controller 0 epoch 12 starting the become-leader transition for partition get_Profile-0 (state.change.logger)
[2020-11-07 22:06:54,719] TRACE [Broker id=0] Stopped fetchers as part of become-leader request from controller 0 epoch 12 with correlation id 1 for partition insert_Order-0 (last update controller epoch 7) (state.change.logger)
[2020-11-07 22:06:54,725] TRACE [Broker id=0] Stopped fetchers as part of become-leader request from controller 0 epoch 12 with correlation id 1 for partition response_topic2-0 (last update controller epoch 1) (state.change.logger)
[2020-11-07 22:06:54,733] TRACE [Broker id=0] Stopped fetchers as part of become-leader request from controller 0 epoch 12 with correlation id 1 for partition getFollowers-0 (last update controller epoch 8) (state.change.logger)
[2020-11-07 22:06:54,738] TRACE [Broker id=0] Stopped fetchers as part of become-leader request from controller 0 epoch 12 with correlation id 1 for partition insert_message-0 (last update controller epoch 10) (state.change.logger)
[2020-11-07 22:06:54,748] TRACE [Broker id=0] Stopped fetchers as part of become-leader request from controller 0 epoch 12 with correlation id 1 for partition apply_Event-0 (last update controller epoch 7) (state.change.logger)
[2020-11-07 22:06:54,753] TRACE [Broker id=0] Stopped fetchers as part of become-leader request from controller 0 epoch 12 with correlation id 1 for partition get_AllUsers-0 (last update controller epoch 8) (state.change.logger)
[2020-11-07 22:06:54,762] TRACE [Broker id=0] Stopped fetchers as part of become-leader request from controller 0 epoch 12 with correlation id 1 for partition post_book-0 (last update controller epoch 2) (state.change.logger)
[2020-11-07 22:06:54,767] TRACE [Broker id=0] Stopped fetchers as part of become-leader request from controller 0 epoch 12 with correlation id 1 for partition alleventssearch-0 (last update controller epoch 7) (state.change.logger)
[2020-11-07 22:06:54,771] TRACE [Broker id=0] Stopped fetchers as part of become-leader request from controller 0 epoch 12 with correlation id 1 for partition allusers-0 (last update controller epoch 8) (state.change.logger)
[2020-11-07 22:06:54,780] TRACE [Broker id=0] Stopped fetchers as part of become-leader request from controller 0 epoch 12 with correlation id 1 for partition update_Pers-0 (last update controller epoch 4) (state.change.logger)
[2020-11-07 22:06:54,785] TRACE [Broker id=0] Stopped fetchers as part of become-leader request from controller 0 epoch 12 with correlation id 1 for partition login_rest-0 (last update controller epoch 4) (state.change.logger)
[2020-11-07 22:06:54,790] TRACE [Broker id=0] Stopped fetchers as part of become-leader request from controller 0 epoch 12 with correlation id 1 for partition get_AllRest-0 (last update controller epoch 6) (state.change.logger)
[2020-11-07 22:06:54,797] TRACE [Broker id=0] Stopped fetchers as part of become-leader request from controller 0 epoch 12 with correlation id 1 for partition get_Dish-0 (last update controller epoch 6) (state.change.logger)
[2020-11-07 22:06:54,801] TRACE [Broker id=0] Stopped fetchers as part of become-leader request from controller 0 epoch 12 with correlation id 1 for partition get_Event-0 (last update controller epoch 7) (state.change.logger)
[2020-11-07 22:06:54,805] TRACE [Broker id=0] Stopped fetchers as part of become-leader request from controller 0 epoch 12 with correlation id 1 for partition update_Pic-0 (last update controller epoch 4) (state.change.logger)
[2020-11-07 22:06:54,813] TRACE [Broker id=0] Stopped fetchers as part of become-leader request from controller 0 epoch 12 with correlation id 1 for partition get_AppliedEvent-0 (last update controller epoch 7) (state.change.logger)
[2020-11-07 22:06:54,819] TRACE [Broker id=0] Stopped fetchers as part of become-leader request from controller 0 epoch 12 with correlation id 1 for partition get_AllEvent-0 (last update controller epoch 7) (state.change.logger)
[2020-11-07 22:06:54,827] TRACE [Broker id=0] Stopped fetchers as part of become-leader request from controller 0 epoch 12 with correlation id 1 for partition get_RProfile-0 (last update controller epoch 6) (state.change.logger)
[2020-11-07 22:06:54,832] TRACE [Broker id=0] Stopped fetchers as part of become-leader request from controller 0 epoch 12 with correlation id 1 for partition get_AllRestSearch-0 (last update controller epoch 7) (state.change.logger)
[2020-11-07 22:06:54,835] TRACE [Broker id=0] Stopped fetchers as part of become-leader request from controller 0 epoch 12 with correlation id 1 for partition login_cust-0 (last update controller epoch 1) (state.change.logger)
[2020-11-07 22:06:54,850] TRACE [Broker id=0] Stopped fetchers as part of become-leader request from controller 0 epoch 12 with correlation id 1 for partition update_Rest-0 (last update controller epoch 6) (state.change.logger)
[2020-11-07 22:06:54,859] TRACE [Broker id=0] Stopped fetchers as part of become-leader request from controller 0 epoch 12 with correlation id 1 for partition allusersfilter-0 (last update controller epoch 8) (state.change.logger)
[2020-11-07 22:06:54,870] TRACE [Broker id=0] Stopped fetchers as part of become-leader request from controller 0 epoch 12 with correlation id 1 for partition response_topic-0 (last update controller epoch 2) (state.change.logger)
[2020-11-07 22:06:54,875] TRACE [Broker id=0] Stopped fetchers as part of become-leader request from controller 0 epoch 12 with correlation id 1 for partition get_message-0 (last update controller epoch 10) (state.change.logger)
[2020-11-07 22:06:54,881] TRACE [Broker id=0] Stopped fetchers as part of become-leader request from controller 0 epoch 12 with correlation id 1 for partition get_AllEventDesc-0 (last update controller epoch 7) (state.change.logger)
[2020-11-07 22:06:54,884] TRACE [Broker id=0] Stopped fetchers as part of become-leader request from controller 0 epoch 12 with correlation id 1 for partition insertFollower-0 (last update controller epoch 8) (state.change.logger)
[2020-11-07 22:06:54,892] TRACE [Broker id=0] Stopped fetchers as part of become-leader request from controller 0 epoch 12 with correlation id 1 for partition insert_Event-0 (last update controller epoch 7) (state.change.logger)
[2020-11-07 22:06:54,896] TRACE [Broker id=0] Stopped fetchers as part of become-leader request from controller 0 epoch 12 with correlation id 1 for partition get_Profile-0 (last update controller epoch 4) (state.change.logger)
[2020-11-07 22:06:54,897] TRACE [Broker id=0] Completed LeaderAndIsr request correlationId 1 from controller 0 epoch 12 for the become-leader transition for partition insert_Order-0 (state.change.logger)
[2020-11-07 22:06:54,897] TRACE [Broker id=0] Completed LeaderAndIsr request correlationId 1 from controller 0 epoch 12 for the become-leader transition for partition response_topic2-0 (state.change.logger)
[2020-11-07 22:06:54,897] TRACE [Broker id=0] Completed LeaderAndIsr request correlationId 1 from controller 0 epoch 12 for the become-leader transition for partition getFollowers-0 (state.change.logger)
[2020-11-07 22:06:54,897] TRACE [Broker id=0] Completed LeaderAndIsr request correlationId 1 from controller 0 epoch 12 for the become-leader transition for partition insert_message-0 (state.change.logger)
[2020-11-07 22:06:54,898] TRACE [Broker id=0] Completed LeaderAndIsr request correlationId 1 from controller 0 epoch 12 for the become-leader transition for partition apply_Event-0 (state.change.logger)
[2020-11-07 22:06:54,898] TRACE [Broker id=0] Completed LeaderAndIsr request correlationId 1 from controller 0 epoch 12 for the become-leader transition for partition get_AllUsers-0 (state.change.logger)
[2020-11-07 22:06:54,898] TRACE [Broker id=0] Completed LeaderAndIsr request correlationId 1 from controller 0 epoch 12 for the become-leader transition for partition post_book-0 (state.change.logger)
[2020-11-07 22:06:54,898] TRACE [Broker id=0] Completed LeaderAndIsr request correlationId 1 from controller 0 epoch 12 for the become-leader transition for partition alleventssearch-0 (state.change.logger)
[2020-11-07 22:06:54,898] TRACE [Broker id=0] Completed LeaderAndIsr request correlationId 1 from controller 0 epoch 12 for the become-leader transition for partition allusers-0 (state.change.logger)
[2020-11-07 22:06:54,898] TRACE [Broker id=0] Completed LeaderAndIsr request correlationId 1 from controller 0 epoch 12 for the become-leader transition for partition update_Pers-0 (state.change.logger)
[2020-11-07 22:06:54,898] TRACE [Broker id=0] Completed LeaderAndIsr request correlationId 1 from controller 0 epoch 12 for the become-leader transition for partition login_rest-0 (state.change.logger)
[2020-11-07 22:06:54,898] TRACE [Broker id=0] Completed LeaderAndIsr request correlationId 1 from controller 0 epoch 12 for the become-leader transition for partition get_AllRest-0 (state.change.logger)
[2020-11-07 22:06:54,898] TRACE [Broker id=0] Completed LeaderAndIsr request correlationId 1 from controller 0 epoch 12 for the become-leader transition for partition get_Dish-0 (state.change.logger)
[2020-11-07 22:06:54,898] TRACE [Broker id=0] Completed LeaderAndIsr request correlationId 1 from controller 0 epoch 12 for the become-leader transition for partition get_Event-0 (state.change.logger)
[2020-11-07 22:06:54,898] TRACE [Broker id=0] Completed LeaderAndIsr request correlationId 1 from controller 0 epoch 12 for the become-leader transition for partition update_Pic-0 (state.change.logger)
[2020-11-07 22:06:54,898] TRACE [Broker id=0] Completed LeaderAndIsr request correlationId 1 from controller 0 epoch 12 for the become-leader transition for partition get_AppliedEvent-0 (state.change.logger)
[2020-11-07 22:06:54,898] TRACE [Broker id=0] Completed LeaderAndIsr request correlationId 1 from controller 0 epoch 12 for the become-leader transition for partition get_AllEvent-0 (state.change.logger)
[2020-11-07 22:06:54,898] TRACE [Broker id=0] Completed LeaderAndIsr request correlationId 1 from controller 0 epoch 12 for the become-leader transition for partition get_RProfile-0 (state.change.logger)
[2020-11-07 22:06:54,898] TRACE [Broker id=0] Completed LeaderAndIsr request correlationId 1 from controller 0 epoch 12 for the become-leader transition for partition get_AllRestSearch-0 (state.change.logger)
[2020-11-07 22:06:54,898] TRACE [Broker id=0] Completed LeaderAndIsr request correlationId 1 from controller 0 epoch 12 for the become-leader transition for partition login_cust-0 (state.change.logger)
[2020-11-07 22:06:54,898] TRACE [Broker id=0] Completed LeaderAndIsr request correlationId 1 from controller 0 epoch 12 for the become-leader transition for partition update_Rest-0 (state.change.logger)
[2020-11-07 22:06:54,898] TRACE [Broker id=0] Completed LeaderAndIsr request correlationId 1 from controller 0 epoch 12 for the become-leader transition for partition allusersfilter-0 (state.change.logger)
[2020-11-07 22:06:54,898] TRACE [Broker id=0] Completed LeaderAndIsr request correlationId 1 from controller 0 epoch 12 for the become-leader transition for partition response_topic-0 (state.change.logger)
[2020-11-07 22:06:54,898] TRACE [Broker id=0] Completed LeaderAndIsr request correlationId 1 from controller 0 epoch 12 for the become-leader transition for partition get_message-0 (state.change.logger)
[2020-11-07 22:06:54,898] TRACE [Broker id=0] Completed LeaderAndIsr request correlationId 1 from controller 0 epoch 12 for the become-leader transition for partition get_AllEventDesc-0 (state.change.logger)
[2020-11-07 22:06:54,898] TRACE [Broker id=0] Completed LeaderAndIsr request correlationId 1 from controller 0 epoch 12 for the become-leader transition for partition insertFollower-0 (state.change.logger)
[2020-11-07 22:06:54,898] TRACE [Broker id=0] Completed LeaderAndIsr request correlationId 1 from controller 0 epoch 12 for the become-leader transition for partition insert_Event-0 (state.change.logger)
[2020-11-07 22:06:54,898] TRACE [Broker id=0] Completed LeaderAndIsr request correlationId 1 from controller 0 epoch 12 for the become-leader transition for partition get_Profile-0 (state.change.logger)
[2020-11-07 22:06:54,907] TRACE [Controller id=0 epoch=12] Received response {error_code=0,partitions=[{topic=apply_Event,partition=0,error_code=0},{topic=get_Event,partition=0,error_code=0},{topic=allusersfilter,partition=0,error_code=0},{topic=get_RProfile,partition=0,error_code=0},{topic=insert_Order,partition=0,error_code=0},{topic=update_Pers,partition=0,error_code=0},{topic=get_AllUsers,partition=0,error_code=0},{topic=update_Pic,partition=0,error_code=0},{topic=get_AllEvent,partition=0,error_code=0},{topic=insert_Event,partition=0,error_code=0},{topic=insertFollower,partition=0,error_code=0},{topic=get_AllRest,partition=0,error_code=0},{topic=get_AppliedEvent,partition=0,error_code=0},{topic=get_AllRestSearch,partition=0,error_code=0},{topic=get_message,partition=0,error_code=0},{topic=login_cust,partition=0,error_code=0},{topic=get_AllEventDesc,partition=0,error_code=0},{topic=update_Rest,partition=0,error_code=0},{topic=response_topic2,partition=0,error_code=0},{topic=allusers,partition=0,error_code=0},{topic=alleventssearch,partition=0,error_code=0},{topic=response_topic,partition=0,error_code=0},{topic=post_book,partition=0,error_code=0},{topic=getFollowers,partition=0,error_code=0},{topic=get_Profile,partition=0,error_code=0},{topic=insert_message,partition=0,error_code=0},{topic=login_rest,partition=0,error_code=0},{topic=get_Dish,partition=0,error_code=0}]} for request LEADER_AND_ISR with correlation id 1 sent to broker 10.250.195.12:9092 (id: 0 rack: null) (state.change.logger)
[2020-11-07 22:06:54,911] TRACE [Broker id=0] Cached leader info PartitionState(controllerEpoch=8, leader=0, leaderEpoch=0, isr=[0], zkVersion=0, replicas=[0], offlineReplicas=[]) for partition allusersfilter-0 in response to UpdateMetadata request sent by controller 0 epoch 12 with correlation id 2 (state.change.logger)
[2020-11-07 22:06:54,911] TRACE [Broker id=0] Cached leader info PartitionState(controllerEpoch=7, leader=0, leaderEpoch=0, isr=[0], zkVersion=0, replicas=[0], offlineReplicas=[]) for partition get_Event-0 in response to UpdateMetadata request sent by controller 0 epoch 12 with correlation id 2 (state.change.logger)
[2020-11-07 22:06:54,911] TRACE [Broker id=0] Cached leader info PartitionState(controllerEpoch=7, leader=0, leaderEpoch=0, isr=[0], zkVersion=0, replicas=[0], offlineReplicas=[]) for partition apply_Event-0 in response to UpdateMetadata request sent by controller 0 epoch 12 with correlation id 2 (state.change.logger)
[2020-11-07 22:06:54,911] TRACE [Broker id=0] Cached leader info PartitionState(controllerEpoch=6, leader=0, leaderEpoch=0, isr=[0], zkVersion=0, replicas=[0], offlineReplicas=[]) for partition get_RProfile-0 in response to UpdateMetadata request sent by controller 0 epoch 12 with correlation id 2 (state.change.logger)
[2020-11-07 22:06:54,911] TRACE [Broker id=0] Cached leader info PartitionState(controllerEpoch=7, leader=0, leaderEpoch=0, isr=[0], zkVersion=0, replicas=[0], offlineReplicas=[]) for partition insert_Order-0 in response to UpdateMetadata request sent by controller 0 epoch 12 with correlation id 2 (state.change.logger)
[2020-11-07 22:06:54,911] TRACE [Broker id=0] Cached leader info PartitionState(controllerEpoch=4, leader=0, leaderEpoch=0, isr=[0], zkVersion=0, replicas=[0], offlineReplicas=[]) for partition update_Pers-0 in response to UpdateMetadata request sent by controller 0 epoch 12 with correlation id 2 (state.change.logger)
[2020-11-07 22:06:54,911] TRACE [Broker id=0] Cached leader info PartitionState(controllerEpoch=8, leader=0, leaderEpoch=0, isr=[0], zkVersion=0, replicas=[0], offlineReplicas=[]) for partition get_AllUsers-0 in response to UpdateMetadata request sent by controller 0 epoch 12 with correlation id 2 (state.change.logger)
[2020-11-07 22:06:54,912] TRACE [Broker id=0] Cached leader info PartitionState(controllerEpoch=4, leader=0, leaderEpoch=0, isr=[0], zkVersion=0, replicas=[0], offlineReplicas=[]) for partition update_Pic-0 in response to UpdateMetadata request sent by controller 0 epoch 12 with correlation id 2 (state.change.logger)
[2020-11-07 22:06:54,912] TRACE [Broker id=0] Cached leader info PartitionState(controllerEpoch=7, leader=0, leaderEpoch=0, isr=[0], zkVersion=0, replicas=[0], offlineReplicas=[]) for partition get_AllEvent-0 in response to UpdateMetadata request sent by controller 0 epoch 12 with correlation id 2 (state.change.logger)
[2020-11-07 22:06:54,912] TRACE [Broker id=0] Cached leader info PartitionState(controllerEpoch=7, leader=0, leaderEpoch=0, isr=[0], zkVersion=0, replicas=[0], offlineReplicas=[]) for partition insert_Event-0 in response to UpdateMetadata request sent by controller 0 epoch 12 with correlation id 2 (state.change.logger)
[2020-11-07 22:06:54,912] TRACE [Broker id=0] Cached leader info PartitionState(controllerEpoch=8, leader=0, leaderEpoch=0, isr=[0], zkVersion=0, replicas=[0], offlineReplicas=[]) for partition insertFollower-0 in response to UpdateMetadata request sent by controller 0 epoch 12 with correlation id 2 (state.change.logger)
[2020-11-07 22:06:54,912] TRACE [Broker id=0] Cached leader info PartitionState(controllerEpoch=6, leader=0, leaderEpoch=0, isr=[0], zkVersion=0, replicas=[0], offlineReplicas=[]) for partition get_AllRest-0 in response to UpdateMetadata request sent by controller 0 epoch 12 with correlation id 2 (state.change.logger)
[2020-11-07 22:06:54,912] TRACE [Broker id=0] Cached leader info PartitionState(controllerEpoch=7, leader=0, leaderEpoch=0, isr=[0], zkVersion=0, replicas=[0], offlineReplicas=[]) for partition get_AppliedEvent-0 in response to UpdateMetadata request sent by controller 0 epoch 12 with correlation id 2 (state.change.logger)
[2020-11-07 22:06:54,912] TRACE [Broker id=0] Cached leader info PartitionState(controllerEpoch=7, leader=0, leaderEpoch=0, isr=[0], zkVersion=0, replicas=[0], offlineReplicas=[]) for partition get_AllRestSearch-0 in response to UpdateMetadata request sent by controller 0 epoch 12 with correlation id 2 (state.change.logger)
[2020-11-07 22:06:54,912] TRACE [Broker id=0] Cached leader info PartitionState(controllerEpoch=10, leader=0, leaderEpoch=0, isr=[0], zkVersion=0, replicas=[0], offlineReplicas=[]) for partition get_message-0 in response to UpdateMetadata request sent by controller 0 epoch 12 with correlation id 2 (state.change.logger)
[2020-11-07 22:06:54,912] TRACE [Broker id=0] Cached leader info PartitionState(controllerEpoch=1, leader=0, leaderEpoch=0, isr=[0], zkVersion=0, replicas=[0], offlineReplicas=[]) for partition login_cust-0 in response to UpdateMetadata request sent by controller 0 epoch 12 with correlation id 2 (state.change.logger)
[2020-11-07 22:06:54,912] TRACE [Broker id=0] Cached leader info PartitionState(controllerEpoch=7, leader=0, leaderEpoch=0, isr=[0], zkVersion=0, replicas=[0], offlineReplicas=[]) for partition get_AllEventDesc-0 in response to UpdateMetadata request sent by controller 0 epoch 12 with correlation id 2 (state.change.logger)
[2020-11-07 22:06:54,912] TRACE [Broker id=0] Cached leader info PartitionState(controllerEpoch=6, leader=0, leaderEpoch=0, isr=[0], zkVersion=0, replicas=[0], offlineReplicas=[]) for partition update_Rest-0 in response to UpdateMetadata request sent by controller 0 epoch 12 with correlation id 2 (state.change.logger)
[2020-11-07 22:06:54,912] TRACE [Broker id=0] Cached leader info PartitionState(controllerEpoch=1, leader=0, leaderEpoch=0, isr=[0], zkVersion=0, replicas=[0], offlineReplicas=[]) for partition response_topic2-0 in response to UpdateMetadata request sent by controller 0 epoch 12 with correlation id 2 (state.change.logger)
[2020-11-07 22:06:54,912] TRACE [Broker id=0] Cached leader info PartitionState(controllerEpoch=8, leader=0, leaderEpoch=0, isr=[0], zkVersion=0, replicas=[0], offlineReplicas=[]) for partition allusers-0 in response to UpdateMetadata request sent by controller 0 epoch 12 with correlation id 2 (state.change.logger)
[2020-11-07 22:06:54,912] TRACE [Broker id=0] Cached leader info PartitionState(controllerEpoch=7, leader=0, leaderEpoch=0, isr=[0], zkVersion=0, replicas=[0], offlineReplicas=[]) for partition alleventssearch-0 in response to UpdateMetadata request sent by controller 0 epoch 12 with correlation id 2 (state.change.logger)
[2020-11-07 22:06:54,912] TRACE [Broker id=0] Cached leader info PartitionState(controllerEpoch=2, leader=0, leaderEpoch=0, isr=[0], zkVersion=0, replicas=[0], offlineReplicas=[]) for partition response_topic-0 in response to UpdateMetadata request sent by controller 0 epoch 12 with correlation id 2 (state.change.logger)
[2020-11-07 22:06:54,912] TRACE [Broker id=0] Cached leader info PartitionState(controllerEpoch=2, leader=0, leaderEpoch=0, isr=[0], zkVersion=0, replicas=[0], offlineReplicas=[]) for partition post_book-0 in response to UpdateMetadata request sent by controller 0 epoch 12 with correlation id 2 (state.change.logger)
[2020-11-07 22:06:54,912] TRACE [Broker id=0] Cached leader info PartitionState(controllerEpoch=8, leader=0, leaderEpoch=0, isr=[0], zkVersion=0, replicas=[0], offlineReplicas=[]) for partition getFollowers-0 in response to UpdateMetadata request sent by controller 0 epoch 12 with correlation id 2 (state.change.logger)
[2020-11-07 22:06:54,912] TRACE [Broker id=0] Cached leader info PartitionState(controllerEpoch=4, leader=0, leaderEpoch=0, isr=[0], zkVersion=0, replicas=[0], offlineReplicas=[]) for partition get_Profile-0 in response to UpdateMetadata request sent by controller 0 epoch 12 with correlation id 2 (state.change.logger)
[2020-11-07 22:06:54,912] TRACE [Broker id=0] Cached leader info PartitionState(controllerEpoch=10, leader=0, leaderEpoch=0, isr=[0], zkVersion=0, replicas=[0], offlineReplicas=[]) for partition insert_message-0 in response to UpdateMetadata request sent by controller 0 epoch 12 with correlation id 2 (state.change.logger)
[2020-11-07 22:06:54,912] TRACE [Broker id=0] Cached leader info PartitionState(controllerEpoch=6, leader=0, leaderEpoch=0, isr=[0], zkVersion=0, replicas=[0], offlineReplicas=[]) for partition get_Dish-0 in response to UpdateMetadata request sent by controller 0 epoch 12 with correlation id 2 (state.change.logger)
[2020-11-07 22:06:54,912] TRACE [Broker id=0] Cached leader info PartitionState(controllerEpoch=4, leader=0, leaderEpoch=0, isr=[0], zkVersion=0, replicas=[0], offlineReplicas=[]) for partition login_rest-0 in response to UpdateMetadata request sent by controller 0 epoch 12 with correlation id 2 (state.change.logger)
[2020-11-07 22:06:54,913] TRACE [Controller id=0 epoch=12] Received response {error_code=0} for request UPDATE_METADATA with correlation id 2 sent to broker 10.250.195.12:9092 (id: 0 rack: null) (state.change.logger)
